#
# There is insufficient memory for the Java Runtime Environment to continue.
# Native memory allocation (malloc) failed to allocate 1861776 bytes for Chunk::new
# Possible reasons:
#   The system is out of physical RAM or swap space
#   In 32 bit mode, the process size limit was hit
# Possible solutions:
#   Reduce memory load on the system
#   Increase physical memory or swap space
#   Check if swap backing store is full
#   Use 64 bit Java on a 64 bit OS
#   Decrease Java heap size (-Xmx/-Xms)
#   Decrease number of Java threads
#   Decrease Java thread stack sizes (-Xss)
#   Set larger code cache with -XX:ReservedCodeCacheSize=
# This output file may be truncated or incomplete.
#
#  Out of Memory Error (allocation.cpp:390), pid=2384, tid=0x00000000000021d4
#
# JRE version: Java(TM) SE Runtime Environment (8.0_144-b01) (build 1.8.0_144-b01)
# Java VM: Java HotSpot(TM) 64-Bit Server VM (25.144-b01 mixed mode windows-amd64 compressed oops)
# Failed to write core dump. Minidumps are not enabled by default on client versions of Windows
#

---------------  T H R E A D  ---------------

Current thread (0x0000000017ae3000):  JavaThread "C2 CompilerThread1" daemon [_thread_in_native, id=8660, stack(0x00000000195e0000,0x00000000196e0000)]

Stack: [0x00000000195e0000,0x00000000196e0000]
[error occurred during error reporting (printing stack bounds), id 0xc0000005]

Native frames: (J=compiled Java code, j=interpreted, Vv=VM code, C=native code)


Current CompileTask:
C2:  18592 5266   !   4       com.sun.beans.TypeResolver::resolve (274 bytes)


---------------  P R O C E S S  ---------------

Java Threads: ( => current thread )
  0x000000001e070800 JavaThread "commons-pool-evictor-thread" [_thread_blocked, id=11040, stack(0x00000000205b0000,0x00000000206b0000)]
  0x000000001bc09000 JavaThread "Abandoned connection cleanup thread" daemon [_thread_blocked, id=4884, stack(0x000000001c710000,0x000000001c810000)]
  0x000000001e98c000 JavaThread "Tomcat JDBC Pool Cleaner[414493378:1517369939474]" daemon [_thread_blocked, id=11148, stack(0x000000001b410000,0x000000001b510000)]
  0x0000000018e7e000 JavaThread "Service Thread" daemon [_thread_blocked, id=2960, stack(0x00000000197e0000,0x00000000198e0000)]
  0x0000000018e7a800 JavaThread "C1 CompilerThread2" daemon [_thread_blocked, id=10936, stack(0x00000000196e0000,0x00000000197e0000)]
=>0x0000000017ae3000 JavaThread "C2 CompilerThread1" daemon [_thread_in_native, id=8660, stack(0x00000000195e0000,0x00000000196e0000)]
  0x0000000017ae0800 JavaThread "C2 CompilerThread0" daemon [_thread_in_native, id=12720, stack(0x00000000194e0000,0x00000000195e0000)]
  0x0000000017ad4800 JavaThread "Monitor Ctrl-Break" daemon [_thread_in_native, id=8912, stack(0x00000000193e0000,0x00000000194e0000)]
  0x0000000017ab8000 JavaThread "Attach Listener" daemon [_thread_blocked, id=6868, stack(0x00000000192e0000,0x00000000193e0000)]
  0x0000000017aa5000 JavaThread "Signal Dispatcher" daemon [_thread_blocked, id=1504, stack(0x00000000191e0000,0x00000000192e0000)]
  0x0000000017a79800 JavaThread "Finalizer" daemon [_thread_blocked, id=11684, stack(0x0000000018ce0000,0x0000000018de0000)]
  0x0000000002e47000 JavaThread "Reference Handler" daemon [_thread_blocked, id=9364, stack(0x0000000018be0000,0x0000000018ce0000)]
  0x0000000002d58000 JavaThread "main" [_thread_in_Java, id=10312, stack(0x0000000002c50000,0x0000000002d50000)]

Other Threads:
  0x0000000017a57000 VMThread [stack: 0x0000000018ae0000,0x0000000018be0000] [id=9472]
  0x0000000018f03800 WatcherThread [stack: 0x00000000198e0000,0x00000000199e0000] [id=4252]

VM state:not at safepoint (normal execution)

VM Mutex/Monitor currently owned by a thread: None

Heap:
 PSYoungGen      total 194560K, used 134326K [0x00000000d6180000, 0x00000000e2b80000, 0x0000000100000000)
  eden space 182272K, 67% used [0x00000000d6180000,0x00000000dd948290,0x00000000e1380000)
  from space 12288K, 94% used [0x00000000e1380000,0x00000000e1ee5908,0x00000000e1f80000)
  to   space 9728K, 0% used [0x00000000e1f80000,0x00000000e1f80000,0x00000000e2900000)
 ParOldGen       total 66560K, used 18894K [0x0000000082400000, 0x0000000086500000, 0x00000000d6180000)
  object space 66560K, 28% used [0x0000000082400000,0x00000000836738d8,0x0000000086500000)
 Metaspace       used 48070K, capacity 48548K, committed 49024K, reserved 1091584K
  class space    used 6054K, capacity 6189K, committed 6272K, reserved 1048576K

Card table byte_map: [0x0000000012390000,0x0000000012780000] byte_map_base: 0x0000000011f7e000

Marking Bits: (ParMarkBitMap*) 0x000000006ad0d850
 Begin Bits: [0x0000000012e20000, 0x0000000014d90000)
 End Bits:   [0x0000000014d90000, 0x0000000016d00000)

Polling page: 0x0000000000fc0000

CodeCache: size=245760Kb used=19536Kb max_used=19536Kb free=226223Kb
 bounds [0x0000000002fd0000, 0x0000000004300000, 0x0000000011fd0000]
 total_blobs=5703 nmethods=4938 adapters=677
 compilation: enabled

Compilation events (10 events):
Event: 18.576 Thread 0x0000000018e7a800 5347   !   3       org.springframework.beans.ExtendedBeanInfo$SimplePropertyDescriptor::getPropertyType (31 bytes)
Event: 18.576 Thread 0x0000000018e7a800 nmethod 5347 0x00000000042f3350 code [0x00000000042f34c0, 0x00000000042f36e8]
Event: 18.581 Thread 0x0000000018e7a800 5348       3       org.springframework.core.MethodClassKey::equals (55 bytes)
Event: 18.581 Thread 0x0000000018e7a800 nmethod 5348 0x00000000042f3790 code [0x00000000042f3920, 0x00000000042f3e98]
Event: 18.582 Thread 0x0000000018e7a800 5349       3       java.util.concurrent.ConcurrentHashMap::get (162 bytes)
Event: 18.583 Thread 0x0000000018e7a800 nmethod 5349 0x00000000042f3fd0 code [0x00000000042f41e0, 0x00000000042f4d58]
Event: 18.585 Thread 0x0000000018e7a800 5350       3       java.util.concurrent.ConcurrentHashMap::compareComparables (27 bytes)
Event: 18.585 Thread 0x0000000018e7a800 nmethod 5350 0x00000000042f5190 code [0x00000000042f5300, 0x00000000042f5748]
Event: 18.585 Thread 0x0000000018e7a800 5351       3       org.springframework.core.MethodClassKey::compareTo (9 bytes)
Event: 18.586 Thread 0x0000000018e7a800 nmethod 5351 0x00000000042f5850 code [0x00000000042f59c0, 0x00000000042f5ca8]

GC Heap History (10 events):
Event: 7.113 GC heap before
{Heap before GC invocations=9 (full 1):
 PSYoungGen      total 74240K, used 69720K [0x00000000d6180000, 0x00000000deb80000, 0x0000000100000000)
  eden space 65536K, 100% used [0x00000000d6180000,0x00000000da180000,0x00000000da180000)
  from space 8704K, 48% used [0x00000000da180000,0x00000000da596378,0x00000000daa00000)
  to   space 8704K, 0% used [0x00000000de300000,0x00000000de300000,0x00000000deb80000)
 ParOldGen       total 45056K, used 6160K [0x0000000082400000, 0x0000000085000000, 0x00000000d6180000)
  object space 45056K, 13% used [0x0000000082400000,0x0000000082a04060,0x0000000085000000)
 Metaspace       used 25656K, capacity 26040K, committed 26368K, reserved 1073152K
  class space    used 3130K, capacity 3233K, committed 3328K, reserved 1048576K
Event: 7.132 GC heap after
Heap after GC invocations=9 (full 1):
 PSYoungGen      total 130560K, used 5911K [0x00000000d6180000, 0x00000000dea80000, 0x0000000100000000)
  eden space 122880K, 0% used [0x00000000d6180000,0x00000000d6180000,0x00000000dd980000)
  from space 7680K, 76% used [0x00000000de300000,0x00000000de8c5df0,0x00000000dea80000)
  to   space 8704K, 0% used [0x00000000dd980000,0x00000000dd980000,0x00000000de200000)
 ParOldGen       total 45056K, used 6168K [0x0000000082400000, 0x0000000085000000, 0x00000000d6180000)
  object space 45056K, 13% used [0x0000000082400000,0x0000000082a06060,0x0000000085000000)
 Metaspace       used 25656K, capacity 26040K, committed 26368K, reserved 1073152K
  class space    used 3130K, capacity 3233K, committed 3328K, reserved 1048576K
}
Event: 9.209 GC heap before
{Heap before GC invocations=10 (full 1):
 PSYoungGen      total 130560K, used 128791K [0x00000000d6180000, 0x00000000dea80000, 0x0000000100000000)
  eden space 122880K, 100% used [0x00000000d6180000,0x00000000dd980000,0x00000000dd980000)
  from space 7680K, 76% used [0x00000000de300000,0x00000000de8c5df0,0x00000000dea80000)
  to   space 8704K, 0% used [0x00000000dd980000,0x00000000dd980000,0x00000000de200000)
 ParOldGen       total 45056K, used 6168K [0x0000000082400000, 0x0000000085000000, 0x00000000d6180000)
  object space 45056K, 13% used [0x0000000082400000,0x0000000082a06060,0x0000000085000000)
 Metaspace       used 29758K, capacity 30218K, committed 30464K, reserved 1075200K
  class space    used 3702K, capacity 3796K, committed 3840K, reserved 1048576K
Event: 9.228 GC heap after
Heap after GC invocations=10 (full 1):
 PSYoungGen      total 131584K, used 8681K [0x00000000d6180000, 0x00000000e2900000, 0x0000000100000000)
  eden space 122880K, 0% used [0x00000000d6180000,0x00000000d6180000,0x00000000dd980000)
  from space 8704K, 99% used [0x00000000dd980000,0x00000000de1fa4e0,0x00000000de200000)
  to   space 9728K, 0% used [0x00000000e1f80000,0x00000000e1f80000,0x00000000e2900000)
 ParOldGen       total 45056K, used 7495K [0x0000000082400000, 0x0000000085000000, 0x00000000d6180000)
  object space 45056K, 16% used [0x0000000082400000,0x0000000082b51c28,0x0000000085000000)
 Metaspace       used 29758K, capacity 30218K, committed 30464K, reserved 1075200K
  class space    used 3702K, capacity 3796K, committed 3840K, reserved 1048576K
}
Event: 14.435 GC heap before
{Heap before GC invocations=11 (full 1):
 PSYoungGen      total 131584K, used 105591K [0x00000000d6180000, 0x00000000e2900000, 0x0000000100000000)
  eden space 122880K, 78% used [0x00000000d6180000,0x00000000dc023978,0x00000000dd980000)
  from space 8704K, 99% used [0x00000000dd980000,0x00000000de1fa4e0,0x00000000de200000)
  to   space 9728K, 0% used [0x00000000e1f80000,0x00000000e1f80000,0x00000000e2900000)
 ParOldGen       total 45056K, used 7495K [0x0000000082400000, 0x0000000085000000, 0x00000000d6180000)
  object space 45056K, 16% used [0x0000000082400000,0x0000000082b51c28,0x0000000085000000)
 Metaspace       used 34897K, capacity 35298K, committed 35456K, reserved 1081344K
  class space    used 4337K, capacity 4440K, committed 4480K, reserved 1048576K
Event: 14.460 GC heap after
Heap after GC invocations=11 (full 1):
 PSYoungGen      total 192000K, used 9697K [0x00000000d6180000, 0x00000000e2b80000, 0x0000000100000000)
  eden space 182272K, 0% used [0x00000000d6180000,0x00000000d6180000,0x00000000e1380000)
  from space 9728K, 99% used [0x00000000e1f80000,0x00000000e28f87e0,0x00000000e2900000)
  to   space 12288K, 0% used [0x00000000e1380000,0x00000000e1380000,0x00000000e1f80000)
 ParOldGen       total 45056K, used 11335K [0x0000000082400000, 0x0000000085000000, 0x00000000d6180000)
  object space 45056K, 25% used [0x0000000082400000,0x0000000082f11e38,0x0000000085000000)
 Metaspace       used 34897K, capacity 35298K, committed 35456K, reserved 1081344K
  class space    used 4337K, capacity 4440K, committed 4480K, reserved 1048576K
}
Event: 14.460 GC heap before
{Heap before GC invocations=12 (full 2):
 PSYoungGen      total 192000K, used 9697K [0x00000000d6180000, 0x00000000e2b80000, 0x0000000100000000)
  eden space 182272K, 0% used [0x00000000d6180000,0x00000000d6180000,0x00000000e1380000)
  from space 9728K, 99% used [0x00000000e1f80000,0x00000000e28f87e0,0x00000000e2900000)
  to   space 12288K, 0% used [0x00000000e1380000,0x00000000e1380000,0x00000000e1f80000)
 ParOldGen       total 45056K, used 11335K [0x0000000082400000, 0x0000000085000000, 0x00000000d6180000)
  object space 45056K, 25% used [0x0000000082400000,0x0000000082f11e38,0x0000000085000000)
 Metaspace       used 34897K, capacity 35298K, committed 35456K, reserved 1081344K
  class space    used 4337K, capacity 4440K, committed 4480K, reserved 1048576K
Event: 14.576 GC heap after
Heap after GC invocations=12 (full 2):
 PSYoungGen      total 192000K, used 0K [0x00000000d6180000, 0x00000000e2b80000, 0x0000000100000000)
  eden space 182272K, 0% used [0x00000000d6180000,0x00000000d6180000,0x00000000e1380000)
  from space 9728K, 0% used [0x00000000e1f80000,0x00000000e1f80000,0x00000000e2900000)
  to   space 12288K, 0% used [0x00000000e1380000,0x00000000e1380000,0x00000000e1f80000)
 ParOldGen       total 66560K, used 18894K [0x0000000082400000, 0x0000000086500000, 0x00000000d6180000)
  object space 66560K, 28% used [0x0000000082400000,0x00000000836738d8,0x0000000086500000)
 Metaspace       used 34897K, capacity 35298K, committed 35456K, reserved 1081344K
  class space    used 4337K, capacity 4440K, committed 4480K, reserved 1048576K
}
Event: 16.692 GC heap before
{Heap before GC invocations=13 (full 2):
 PSYoungGen      total 192000K, used 182272K [0x00000000d6180000, 0x00000000e2b80000, 0x0000000100000000)
  eden space 182272K, 100% used [0x00000000d6180000,0x00000000e1380000,0x00000000e1380000)
  from space 9728K, 0% used [0x00000000e1f80000,0x00000000e1f80000,0x00000000e2900000)
  to   space 12288K, 0% used [0x00000000e1380000,0x00000000e1380000,0x00000000e1f80000)
 ParOldGen       total 66560K, used 18894K [0x0000000082400000, 0x0000000086500000, 0x00000000d6180000)
  object space 66560K, 28% used [0x0000000082400000,0x00000000836738d8,0x0000000086500000)
 Metaspace       used 44686K, capacity 45128K, committed 45312K, reserved 1089536K
  class space    used 5705K, capacity 5817K, committed 5888K, reserved 1048576K
Event: 16.715 GC heap after
Heap after GC invocations=13 (full 2):
 PSYoungGen      total 194560K, used 11670K [0x00000000d6180000, 0x00000000e2b80000, 0x0000000100000000)
  eden space 182272K, 0% used [0x00000000d6180000,0x00000000d6180000,0x00000000e1380000)
  from space 12288K, 94% used [0x00000000e1380000,0x00000000e1ee5908,0x00000000e1f80000)
  to   space 9728K, 0% used [0x00000000e1f80000,0x00000000e1f80000,0x00000000e2900000)
 ParOldGen       total 66560K, used 18894K [0x0000000082400000, 0x0000000086500000, 0x00000000d6180000)
  object space 66560K, 28% used [0x0000000082400000,0x00000000836738d8,0x0000000086500000)
 Metaspace       used 44686K, capacity 45128K, committed 45312K, reserved 1089536K
  class space    used 5705K, capacity 5817K, committed 5888K, reserved 1048576K
}

Deoptimization events (10 events):
Event: 16.458 Thread 0x0000000002d58000 Uncommon trap: reason=unstable_if action=reinterpret pc=0x00000000035d3878 method=com.sun.org.apache.xerces.internal.impl.XMLEntityScanner.peekChar()I @ 14
Event: 16.460 Thread 0x0000000002d58000 Uncommon trap: reason=unstable_if action=reinterpret pc=0x0000000003f0ddec method=com.sun.org.apache.xerces.internal.dom.ElementImpl.getNodeName()Ljava/lang/String; @ 4
Event: 16.891 Thread 0x0000000002d58000 Uncommon trap: reason=unstable_if action=reinterpret pc=0x0000000003d16c44 method=java.util.concurrent.ConcurrentHashMap.putVal(Ljava/lang/Object;Ljava/lang/Object;Z)Ljava/lang/Object; @ 331
Event: 16.944 Thread 0x0000000002d58000 Uncommon trap: reason=null_check action=make_not_entrant pc=0x0000000003a65f30 method=org.springframework.util.ClassUtils.isAssignable(Ljava/lang/Class;Ljava/lang/Class;)Z @ 14
Event: 17.402 Thread 0x0000000002d58000 Uncommon trap: reason=class_check action=maybe_recompile pc=0x000000000329a99c method=java.lang.reflect.Array.newInstance(Ljava/lang/Class;I)Ljava/lang/Object; @ 2
Event: 17.405 Thread 0x0000000002d58000 Uncommon trap: reason=class_check action=maybe_recompile pc=0x000000000329a99c method=java.lang.reflect.Array.newInstance(Ljava/lang/Class;I)Ljava/lang/Object; @ 2
Event: 17.411 Thread 0x0000000002d58000 Uncommon trap: reason=unstable_if action=reinterpret pc=0x0000000003b69200 method=org.springframework.core.ResolvableType.getInterfaces()[Lorg/springframework/core/ResolvableType; @ 27
Event: 18.225 Thread 0x0000000002d58000 Uncommon trap: reason=unstable_if action=reinterpret pc=0x00000000038f383c method=java.util.concurrent.ConcurrentHashMap.transfer([Ljava/util/concurrent/ConcurrentHashMap$Node;[Ljava/util/concurrent/ConcurrentHashMap$Node;)V @ 356
Event: 18.314 Thread 0x0000000002d58000 Uncommon trap: reason=unstable_if action=reinterpret pc=0x000000000383acc8 method=java.util.concurrent.ConcurrentHashMap.transfer([Ljava/util/concurrent/ConcurrentHashMap$Node;[Ljava/util/concurrent/ConcurrentHashMap$Node;)V @ 356
Event: 18.581 Thread 0x0000000002d58000 Uncommon trap: reason=unstable_if action=reinterpret pc=0x00000000033e9ea0 method=java.util.concurrent.ConcurrentHashMap.get(Ljava/lang/Object;)Ljava/lang/Object; @ 86

Internal exceptions (10 events):
Event: 18.515 Thread 0x0000000002d58000 Exception <a 'java/lang/ClassNotFoundException': org/springframework/context/annotation/ConfigurationClassEnhancer$EnhancedConfigurationCustomizer> (0x00000000dd1198a8) thrown at [C:\re\workspace\8-2-build-windows-amd64-cygwin\jdk8u144\9417\hotspot\src\sh
Event: 18.560 Thread 0x0000000002d58000 Exception <a 'java/lang/ClassNotFoundException': com/fasterxml/jackson/databind/ObjectMapperBeanInfo> (0x00000000dd3a29c0) thrown at [C:\re\workspace\8-2-build-windows-amd64-cygwin\jdk8u144\9417\hotspot\src\share\vm\classfile\systemDictionary.cpp, line 21
Event: 18.561 Thread 0x0000000002d58000 Exception <a 'java/lang/ClassNotFoundException': com/fasterxml/jackson/core/ObjectCodecBeanInfo> (0x00000000dd3bb3f0) thrown at [C:\re\workspace\8-2-build-windows-amd64-cygwin\jdk8u144\9417\hotspot\src\share\vm\classfile\systemDictionary.cpp, line 210]
Event: 18.562 Thread 0x0000000002d58000 Exception <a 'java/lang/ClassNotFoundException': com/fasterxml/jackson/core/TreeCodecBeanInfo> (0x00000000dd3d3e50) thrown at [C:\re\workspace\8-2-build-windows-amd64-cygwin\jdk8u144\9417\hotspot\src\share\vm\classfile\systemDictionary.cpp, line 210]
Event: 18.562 Thread 0x0000000002d58000 Exception <a 'java/lang/ClassNotFoundException': com/fasterxml/jackson/core/TreeCodecCustomizer> (0x00000000dd3ecdd8) thrown at [C:\re\workspace\8-2-build-windows-amd64-cygwin\jdk8u144\9417\hotspot\src\share\vm\classfile\systemDictionary.cpp, line 210]
Event: 18.563 Thread 0x0000000002d58000 Exception <a 'java/lang/ClassNotFoundException': com/fasterxml/jackson/core/ObjectCodecCustomizer> (0x00000000dd40b488) thrown at [C:\re\workspace\8-2-build-windows-amd64-cygwin\jdk8u144\9417\hotspot\src\share\vm\classfile\systemDictionary.cpp, line 210]
Event: 18.564 Thread 0x0000000002d58000 Exception <a 'java/lang/ClassNotFoundException': com/fasterxml/jackson/databind/ObjectMapperCustomizer> (0x00000000dd43f3b8) thrown at [C:\re\workspace\8-2-build-windows-amd64-cygwin\jdk8u144\9417\hotspot\src\share\vm\classfile\systemDictionary.cpp, line 
Event: 18.579 Thread 0x0000000002d58000 Exception <a 'java/lang/ClassNotFoundException': com/fasterxml/jackson/core/VersionedCustomizer> (0x00000000dd5fda18) thrown at [C:\re\workspace\8-2-build-windows-amd64-cygwin\jdk8u144\9417\hotspot\src\share\vm\classfile\systemDictionary.cpp, line 210]
Event: 18.580 Thread 0x0000000002d58000 Exception <a 'java/lang/ClassNotFoundException': java/io/SerializableCustomizer> (0x00000000dd607f40) thrown at [C:\re\workspace\8-2-build-windows-amd64-cygwin\jdk8u144\9417\hotspot\src\share\vm\classfile\systemDictionary.cpp, line 210]
Event: 18.580 Thread 0x0000000002d58000 Exception <a 'java/lang/ClassNotFoundException': com/fasterxml/jackson/core/VersionedCustomizer> (0x00000000dd620b90) thrown at [C:\re\workspace\8-2-build-windows-amd64-cygwin\jdk8u144\9417\hotspot\src\share\vm\classfile\systemDictionary.cpp, line 210]

Events (10 events):
Event: 18.580 loading class java/io/SerializableCustomizer done
Event: 18.580 loading class com/fasterxml/jackson/core/VersionedCustomizer
Event: 18.580 loading class com/fasterxml/jackson/core/VersionedCustomizer done
Event: 18.580 loading class com/fasterxml/jackson/core/VersionedCustomizer
Event: 18.580 loading class com/fasterxml/jackson/core/VersionedCustomizer done
Event: 18.580 loading class com/fasterxml/jackson/core/VersionedCustomizer
Event: 18.580 loading class com/fasterxml/jackson/core/VersionedCustomizer done
Event: 18.581 Thread 0x0000000002d58000 Uncommon trap: trap_request=0xffffff65 fr.pc=0x00000000033e9ea0
Event: 18.581 Thread 0x0000000002d58000 DEOPT PACKING pc=0x00000000033e9ea0 sp=0x0000000002d4dbc0
Event: 18.581 Thread 0x0000000002d58000 DEOPT UNPACKING pc=0x000000000301582a sp=0x0000000002d4db30 mode 2


Dynamic libraries:
0x00007ff7aa1d0000 - 0x00007ff7aa207000 	C:\Program Files\Java\jdk1.8.0_144\bin\java.exe
0x00007ffa59750000 - 0x00007ffa59912000 	C:\Windows\SYSTEM32\ntdll.dll
0x00007ffa57b20000 - 0x00007ffa57bcd000 	C:\Windows\system32\KERNEL32.DLL
0x00007ffa56c30000 - 0x00007ffa56e0d000 	C:\Windows\system32\KERNELBASE.dll
0x00007ffa57c70000 - 0x00007ffa57d16000 	C:\Windows\system32\ADVAPI32.dll
0x00007ffa57bd0000 - 0x00007ffa57c6d000 	C:\Windows\system32\msvcrt.dll
0x00007ffa576a0000 - 0x00007ffa576fb000 	C:\Windows\system32\sechost.dll
0x00007ffa56f00000 - 0x00007ffa57026000 	C:\Windows\system32\RPCRT4.dll
0x00007ffa57d20000 - 0x00007ffa57e6e000 	C:\Windows\system32\USER32.dll
0x00007ffa57930000 - 0x00007ffa57ab4000 	C:\Windows\system32\GDI32.dll
0x00007ffa4a2e0000 - 0x00007ffa4a554000 	C:\Windows\WinSxS\amd64_microsoft.windows.common-controls_6595b64144ccf1df_6.0.10240.17184_none_f41d7a705752bce6\COMCTL32.dll
0x00007ffa56ec0000 - 0x00007ffa56ef6000 	C:\Windows\system32\IMM32.DLL
0x00007ffa574d0000 - 0x00007ffa5762c000 	C:\Windows\system32\MSCTF.dll
0x000000006c420000 - 0x000000006c4f2000 	C:\Program Files\Java\jdk1.8.0_144\jre\bin\msvcr100.dll
0x000000006a4f0000 - 0x000000006ad8d000 	C:\Program Files\Java\jdk1.8.0_144\jre\bin\server\jvm.dll
0x00007ffa57690000 - 0x00007ffa57698000 	C:\Windows\system32\PSAPI.DLL
0x00007ffa51d30000 - 0x00007ffa51d39000 	C:\Windows\SYSTEM32\WSOCK32.dll
0x00007ffa578b0000 - 0x00007ffa57919000 	C:\Windows\system32\WS2_32.dll
0x00007ffa57920000 - 0x00007ffa57928000 	C:\Windows\system32\NSI.dll
0x00007ffa53810000 - 0x00007ffa53833000 	C:\Windows\SYSTEM32\WINMM.dll
0x00007ffa4c640000 - 0x00007ffa4c64a000 	C:\Windows\SYSTEM32\VERSION.dll
0x00007ffa537e0000 - 0x00007ffa5380c000 	C:\Windows\SYSTEM32\WINMMBASE.dll
0x00007ffa56330000 - 0x00007ffa56374000 	C:\Windows\system32\cfgmgr32.dll
0x00007ffa54b10000 - 0x00007ffa54b37000 	C:\Windows\SYSTEM32\DEVOBJ.dll
0x000000006c410000 - 0x000000006c41f000 	C:\Program Files\Java\jdk1.8.0_144\jre\bin\verify.dll
0x000000006c3e0000 - 0x000000006c409000 	C:\Program Files\Java\jdk1.8.0_144\jre\bin\java.dll
0x000000006c3b0000 - 0x000000006c3d3000 	C:\Program Files\Java\jdk1.8.0_144\jre\bin\instrument.dll
0x000000006c390000 - 0x000000006c3a6000 	C:\Program Files\Java\jdk1.8.0_144\jre\bin\zip.dll
0x00007ffa58200000 - 0x00007ffa59723000 	C:\Windows\system32\SHELL32.dll
0x00007ffa56550000 - 0x00007ffa56b79000 	C:\Windows\system32\windows.storage.dll
0x00007ffa571e0000 - 0x00007ffa5745c000 	C:\Windows\system32\combase.dll
0x00007ffa57470000 - 0x00007ffa574c1000 	C:\Windows\system32\shlwapi.dll
0x00007ffa561e0000 - 0x00007ffa561ef000 	C:\Windows\system32\kernel.appcore.dll
0x00007ffa56210000 - 0x00007ffa562c3000 	C:\Windows\system32\shcore.dll
0x00007ffa56170000 - 0x00007ffa561ba000 	C:\Windows\system32\powrprof.dll
0x00007ffa561f0000 - 0x00007ffa56203000 	C:\Windows\system32\profapi.dll
0x00007ffa51e10000 - 0x00007ffa51e2a000 	F:\IntelliJ IDEA 2017.3.2\bin\breakgen64.dll
0x000000006c370000 - 0x000000006c38a000 	C:\Program Files\Java\jdk1.8.0_144\jre\bin\net.dll
0x00007ffa559e0000 - 0x00007ffa55a3d000 	C:\Windows\system32\mswsock.dll
0x000000006c360000 - 0x000000006c36d000 	C:\Program Files\Java\jdk1.8.0_144\jre\bin\management.dll
0x00007ffa4c540000 - 0x00007ffa4c555000 	C:\Windows\system32\napinsp.dll
0x00007ffa4c560000 - 0x00007ffa4c57a000 	C:\Windows\system32\pnrpnsp.dll
0x00007ffa545c0000 - 0x00007ffa545d8000 	C:\Windows\system32\NLAapi.dll
0x00007ffa55780000 - 0x00007ffa55828000 	C:\Windows\SYSTEM32\DNSAPI.dll
0x00007ffa4cb80000 - 0x00007ffa4cb8d000 	C:\Windows\System32\winrnr.dll
0x00007ffa53910000 - 0x00007ffa5391a000 	C:\Windows\System32\rasadhlp.dll
0x00007ffa54750000 - 0x00007ffa54788000 	C:\Windows\SYSTEM32\IPHLPAPI.DLL
0x00007ffa545e0000 - 0x00007ffa545eb000 	C:\Windows\SYSTEM32\WINNSI.DLL
0x00007ffa53f50000 - 0x00007ffa53fb8000 	C:\Windows\System32\fwpuclnt.dll
0x00007ffa56000000 - 0x00007ffa56028000 	C:\Windows\SYSTEM32\bcrypt.dll
0x000000006a3f0000 - 0x000000006a401000 	C:\Program Files\Java\jdk1.8.0_144\jre\bin\nio.dll
0x00007ffa55a40000 - 0x00007ffa55a57000 	C:\Windows\SYSTEM32\CRYPTSP.dll
0x00007ffa55690000 - 0x00007ffa556c3000 	C:\Windows\system32\rsaenh.dll
0x00007ffa55870000 - 0x00007ffa5588f000 	C:\Windows\SYSTEM32\USERENV.dll
0x00007ffa55f90000 - 0x00007ffa55ffb000 	C:\Windows\system32\bcryptprimitives.dll
0x00007ffa55bb0000 - 0x00007ffa55bbb000 	C:\Windows\SYSTEM32\CRYPTBASE.dll
0x00007ffa53e40000 - 0x00007ffa53e56000 	C:\Windows\SYSTEM32\dhcpcsvc6.DLL
0x00007ffa53cf0000 - 0x00007ffa53d0a000 	C:\Windows\SYSTEM32\dhcpcsvc.DLL

VM Arguments:
jvm_args: -ea -Didea.test.cyclic.buffer.size=1048576 -javaagent:F:\IntelliJ IDEA 2017.3.2\lib\idea_rt.jar=53787:F:\IntelliJ IDEA 2017.3.2\bin -Dfile.encoding=UTF-8 
java_command: com.intellij.rt.execution.junit.JUnitStarter -ideVersion5 -junit4 com.ytsssss.collaborationblog.cotroller.FileControllerTest,upload
java_class_path (initial): F:\IntelliJ IDEA 2017.3.2\lib\idea_rt.jar;F:\IntelliJ IDEA 2017.3.2\plugins\junit\lib\junit-rt.jar;F:\IntelliJ IDEA 2017.3.2\plugins\junit\lib\junit5-rt.jar;C:\Program Files\Java\jdk1.8.0_144\jre\lib\charsets.jar;C:\Program Files\Java\jdk1.8.0_144\jre\lib\deploy.jar;C:\Program Files\Java\jdk1.8.0_144\jre\lib\ext\access-bridge-64.jar;C:\Program Files\Java\jdk1.8.0_144\jre\lib\ext\cldrdata.jar;C:\Program Files\Java\jdk1.8.0_144\jre\lib\ext\dnsns.jar;C:\Program Files\Java\jdk1.8.0_144\jre\lib\ext\jaccess.jar;C:\Program Files\Java\jdk1.8.0_144\jre\lib\ext\jfxrt.jar;C:\Program Files\Java\jdk1.8.0_144\jre\lib\ext\localedata.jar;C:\Program Files\Java\jdk1.8.0_144\jre\lib\ext\nashorn.jar;C:\Program Files\Java\jdk1.8.0_144\jre\lib\ext\sunec.jar;C:\Program Files\Java\jdk1.8.0_144\jre\lib\ext\sunjce_provider.jar;C:\Program Files\Java\jdk1.8.0_144\jre\lib\ext\sunmscapi.jar;C:\Program Files\Java\jdk1.8.0_144\jre\lib\ext\sunpkcs11.jar;C:\Program Files\Java\jdk1.8.0_144\jre\lib\ext\zipfs.jar;C:\Program Files\Java\jdk1.8.0_144\jre\lib\javaws.jar;C:\Program Files\Java\jdk1.8.0_144\jre\lib\jce.jar;C:\Program Files\Java\jdk1.8.0_144\jre\lib\jfr.jar;C:\Program Files\Java\jdk1.8.0_144\jre\lib\jfxswt.jar;C:\Program Files\Java\jdk1.8.0_144\jre\lib\jsse.jar;C:\Program Files\Java\jdk1.8.0_144\jre\lib\management-agent.jar;C:\Program Files\Java\jdk1.8.0_144\jre\lib\plugin.jar;C:\Program Files\Java\jdk1.8.0_144\jre\lib\resources.jar;C:\Program Files\Java\jdk1.8.0_144\jre\lib\rt.jar;F:\git\CollaborationBlog\target\test-classes;F:\git\CollaborationBlog\target\classes;C:\Users\Administrator\.m2\repository\org\mybatis\spring\boot\mybatis-spring-boot-starter\1.3.1\mybatis-spring-boot-starter-1.3.1.jar;C:\Users\Administrator\.m2\repository\org\springframework\boot\spring-boot-starter\1.5.9.RELEASE\spring-boot-starter-1.5.9.RELEASE.jar;C:\Users\Administrator\.m2\repository\org\springframework\boot\spring-boot\1.5.9.RELEASE\spring-boot-1.5.9.RELEASE.jar;C:\Users\Administra
Launcher Type: SUN_STANDARD

Environment Variables:
JAVA_HOME=C:\Program Files\Java\jdk1.8.0_144
CLASSPATH=.;C:\Program Files\Java\jdk1.8.0_144\lib\dt.jar;C:\Program Files\Java\jdk1.8.0_144\lib\tools.jar;
PATH=C:\ProgramData\Oracle\Java\javapath;C:\Program Files\Git\cmd ;C:\Program Files\Java\jdk1.8.0_144\bin;C:\Program Files\Java\jdk1.8.0_144\jre\bin;F:\apache-maven-3.3.9-bin\apache-maven-3.3.9\bin;F:\spring-1.5.9.RELEASE\bin;;C:\Program Files (x86)\Bitvise SSH Client;C:\Program Files\nodejs\;;F:\Microsoft VS Code\bin;C:\Users\Administrator\AppData\Roaming\npm
USERNAME=Administrator
OS=Windows_NT
PROCESSOR_IDENTIFIER=Intel64 Family 6 Model 42 Stepping 7, GenuineIntel



---------------  S Y S T E M  ---------------

OS: Windows 10.0 , 64 bit Build 10240 (10.0.10240.17113)

CPU:total 4 (initial active 4) (2 cores per cpu, 2 threads per core) family 6 model 42 stepping 7, cmov, cx8, fxsr, mmx, sse, sse2, sse3, ssse3, sse4.1, sse4.2, popcnt, avx, clmul, ht, tsc, tscinvbit

Memory: 4k page, physical 8233360k(1239720k free), swap 18719244k(4412k free)

vm_info: Java HotSpot(TM) 64-Bit Server VM (25.144-b01) for windows-amd64 JRE (1.8.0_144-b01), built on Jul 21 2017 21:57:33 by "java_re" with MS VC++ 10.0 (VS2010)

time: Wed Jan 31 11:39:08 2018
elapsed time: 18 seconds (0d 0h 0m 18s)

