#
# There is insufficient memory for the Java Runtime Environment to continue.
# Native memory allocation (malloc) failed to allocate 1966960 bytes for Chunk::new
# Possible reasons:
#   The system is out of physical RAM or swap space
#   In 32 bit mode, the process size limit was hit
# Possible solutions:
#   Reduce memory load on the system
#   Increase physical memory or swap space
#   Check if swap backing store is full
#   Use 64 bit Java on a 64 bit OS
#   Decrease Java heap size (-Xmx/-Xms)
#   Decrease number of Java threads
#   Decrease Java thread stack sizes (-Xss)
#   Set larger code cache with -XX:ReservedCodeCacheSize=
# This output file may be truncated or incomplete.
#
#  Out of Memory Error (allocation.cpp:390), pid=10952, tid=0x00000000000025cc
#
# JRE version: Java(TM) SE Runtime Environment (8.0_144-b01) (build 1.8.0_144-b01)
# Java VM: Java HotSpot(TM) 64-Bit Server VM (25.144-b01 mixed mode windows-amd64 compressed oops)
# Failed to write core dump. Minidumps are not enabled by default on client versions of Windows
#

---------------  T H R E A D  ---------------

Current thread (0x00000000176d1800):  JavaThread "C2 CompilerThread1" daemon [_thread_in_native, id=9676, stack(0x00000000191f0000,0x00000000192f0000)]

Stack: [0x00000000191f0000,0x00000000192f0000]
[error occurred during error reporting (printing stack bounds), id 0xc0000005]

Native frames: (J=compiled Java code, j=interpreted, Vv=VM code, C=native code)


Current CompileTask:
C2:  21909 5677   !   4       org.springframework.core.annotation.AnnotatedElementUtils::searchWithFindSemantics (713 bytes)


---------------  P R O C E S S  ---------------

Java Threads: ( => current thread )
  0x000000001ed5a800 JavaThread "commons-pool-evictor-thread" [_thread_blocked, id=4340, stack(0x0000000021140000,0x0000000021240000)]
  0x000000001a8fe800 JavaThread "Abandoned connection cleanup thread" daemon [_thread_blocked, id=10220, stack(0x0000000020310000,0x0000000020410000)]
  0x0000000019a62800 JavaThread "Tomcat JDBC Pool Cleaner[414493378:1517369561679]" daemon [_thread_blocked, id=11176, stack(0x000000001b220000,0x000000001b320000)]
  0x0000000018a95000 JavaThread "Service Thread" daemon [_thread_blocked, id=2336, stack(0x00000000193f0000,0x00000000194f0000)]
  0x00000000176dd800 JavaThread "C1 CompilerThread2" daemon [_thread_blocked, id=9840, stack(0x00000000192f0000,0x00000000193f0000)]
=>0x00000000176d1800 JavaThread "C2 CompilerThread1" daemon [_thread_in_native, id=9676, stack(0x00000000191f0000,0x00000000192f0000)]
  0x00000000176ce800 JavaThread "C2 CompilerThread0" daemon [_thread_in_native, id=11360, stack(0x00000000190f0000,0x00000000191f0000)]
  0x00000000176c2800 JavaThread "Monitor Ctrl-Break" daemon [_thread_in_native, id=3740, stack(0x0000000018ff0000,0x00000000190f0000)]
  0x0000000018a33800 JavaThread "Attach Listener" daemon [_thread_blocked, id=8044, stack(0x0000000018ef0000,0x0000000018ff0000)]
  0x0000000017694000 JavaThread "Signal Dispatcher" daemon [_thread_blocked, id=8516, stack(0x0000000018df0000,0x0000000018ef0000)]
  0x000000001766f000 JavaThread "Finalizer" daemon [_thread_blocked, id=7140, stack(0x00000000188f0000,0x00000000189f0000)]
  0x00000000029f7000 JavaThread "Reference Handler" daemon [_thread_blocked, id=6988, stack(0x00000000187f0000,0x00000000188f0000)]
  0x0000000002908000 JavaThread "main" [_thread_in_Java, id=10676, stack(0x0000000002800000,0x0000000002900000)]

Other Threads:
  0x0000000017647000 VMThread [stack: 0x00000000186f0000,0x00000000187f0000] [id=7368]
  0x0000000018b08800 WatcherThread [stack: 0x00000000194f0000,0x00000000195f0000] [id=12176]

VM state:not at safepoint (normal execution)

VM Mutex/Monitor currently owned by a thread: None

Heap:
 PSYoungGen      total 190976K, used 38729K [0x00000000d6180000, 0x00000000e2800000, 0x0000000100000000)
  eden space 178688K, 17% used [0x00000000d6180000,0x00000000d80048d8,0x00000000e1000000)
  from space 12288K, 60% used [0x00000000e1000000,0x00000000e174dea0,0x00000000e1c00000)
  to   space 9728K, 0% used [0x00000000e1c80000,0x00000000e1c80000,0x00000000e2600000)
 ParOldGen       total 67072K, used 30550K [0x0000000082400000, 0x0000000086580000, 0x00000000d6180000)
  object space 67072K, 45% used [0x0000000082400000,0x00000000841d58d0,0x0000000086580000)
 Metaspace       used 54124K, capacity 54690K, committed 55168K, reserved 1097728K
  class space    used 6842K, capacity 6979K, committed 7040K, reserved 1048576K

Card table byte_map: [0x0000000011f80000,0x0000000012370000] byte_map_base: 0x0000000011b6e000

Marking Bits: (ParMarkBitMap*) 0x000000006ad0d850
 Begin Bits: [0x0000000012a10000, 0x0000000014980000)
 End Bits:   [0x0000000014980000, 0x00000000168f0000)

Polling page: 0x00000000009c0000

CodeCache: size=245760Kb used=22240Kb max_used=22240Kb free=223519Kb
 bounds [0x0000000002bc0000, 0x0000000004190000, 0x0000000011bc0000]
 total_blobs=6272 nmethods=5491 adapters=693
 compilation: enabled

Compilation events (10 events):
Event: 21.883 Thread 0x00000000176dd800 5984       2       java.math.BigInteger::<init> (81 bytes)
Event: 21.883 Thread 0x00000000176dd800 nmethod 5984 0x0000000004187c10 code [0x0000000004187dc0, 0x0000000004188198]
Event: 21.884 Thread 0x00000000176dd800 5985       2       java.math.BigInteger::squareToLen (33 bytes)
Event: 21.884 Thread 0x00000000176dd800 nmethod 5985 0x0000000004188410 code [0x0000000004188580, 0x00000000041887d8]
Event: 21.884 Thread 0x00000000176dd800 5986       2       java.math.BigInteger::implSquareToLenChecks (198 bytes)
Event: 21.885 Thread 0x00000000176dd800 nmethod 5986 0x00000000041888d0 code [0x0000000004188be0, 0x0000000004189b98]
Event: 21.896 Thread 0x00000000176dd800 5987       2       sun.security.x509.X509CertImpl::getEncodedInternal (22 bytes)
Event: 21.897 Thread 0x00000000176dd800 nmethod 5987 0x000000000418a910 code [0x000000000418aa80, 0x000000000418ac48]
Event: 21.901 Thread 0x00000000176dd800 5988   !   2       java.util.jar.JarFile::getBytes (96 bytes)
Event: 21.902 Thread 0x00000000176dd800 nmethod 5988 0x000000000418ad10 code [0x000000000418aec0, 0x000000000418b1f8]

GC Heap History (10 events):
Event: 14.638 GC heap before
{Heap before GC invocations=11 (full 1):
 PSYoungGen      total 130560K, used 109253K [0x00000000d6180000, 0x00000000e2600000, 0x0000000100000000)
  eden space 121856K, 82% used [0x00000000d6180000,0x00000000dc3b5400,0x00000000dd880000)
  from space 8704K, 99% used [0x00000000dd880000,0x00000000de0fc388,0x00000000de100000)
  to   space 9728K, 0% used [0x00000000e1c80000,0x00000000e1c80000,0x00000000e2600000)
 ParOldGen       total 45056K, used 6807K [0x0000000082400000, 0x0000000085000000, 0x00000000d6180000)
  object space 45056K, 15% used [0x0000000082400000,0x0000000082aa5f68,0x0000000085000000)
 Metaspace       used 34911K, capacity 35334K, committed 35456K, reserved 1081344K
  class space    used 4336K, capacity 4472K, committed 4480K, reserved 1048576K
Event: 14.656 GC heap after
Heap after GC invocations=11 (full 1):
 PSYoungGen      total 188416K, used 9718K [0x00000000d6180000, 0x00000000e2800000, 0x0000000100000000)
  eden space 178688K, 0% used [0x00000000d6180000,0x00000000d6180000,0x00000000e1000000)
  from space 9728K, 99% used [0x00000000e1c80000,0x00000000e25fda88,0x00000000e2600000)
  to   space 12288K, 0% used [0x00000000e1000000,0x00000000e1000000,0x00000000e1c00000)
 ParOldGen       total 45056K, used 10943K [0x0000000082400000, 0x0000000085000000, 0x00000000d6180000)
  object space 45056K, 24% used [0x0000000082400000,0x0000000082eafe88,0x0000000085000000)
 Metaspace       used 34911K, capacity 35334K, committed 35456K, reserved 1081344K
  class space    used 4336K, capacity 4472K, committed 4480K, reserved 1048576K
}
Event: 14.656 GC heap before
{Heap before GC invocations=12 (full 2):
 PSYoungGen      total 188416K, used 9718K [0x00000000d6180000, 0x00000000e2800000, 0x0000000100000000)
  eden space 178688K, 0% used [0x00000000d6180000,0x00000000d6180000,0x00000000e1000000)
  from space 9728K, 99% used [0x00000000e1c80000,0x00000000e25fda88,0x00000000e2600000)
  to   space 12288K, 0% used [0x00000000e1000000,0x00000000e1000000,0x00000000e1c00000)
 ParOldGen       total 45056K, used 10943K [0x0000000082400000, 0x0000000085000000, 0x00000000d6180000)
  object space 45056K, 24% used [0x0000000082400000,0x0000000082eafe88,0x0000000085000000)
 Metaspace       used 34911K, capacity 35334K, committed 35456K, reserved 1081344K
  class space    used 4336K, capacity 4472K, committed 4480K, reserved 1048576K
Event: 14.818 GC heap after
Heap after GC invocations=12 (full 2):
 PSYoungGen      total 188416K, used 0K [0x00000000d6180000, 0x00000000e2800000, 0x0000000100000000)
  eden space 178688K, 0% used [0x00000000d6180000,0x00000000d6180000,0x00000000e1000000)
  from space 9728K, 0% used [0x00000000e1c80000,0x00000000e1c80000,0x00000000e2600000)
  to   space 12288K, 0% used [0x00000000e1000000,0x00000000e1000000,0x00000000e1c00000)
 ParOldGen       total 67072K, used 19101K [0x0000000082400000, 0x0000000086580000, 0x00000000d6180000)
  object space 67072K, 28% used [0x0000000082400000,0x00000000836a7740,0x0000000086580000)
 Metaspace       used 34911K, capacity 35334K, committed 35456K, reserved 1081344K
  class space    used 4336K, capacity 4472K, committed 4480K, reserved 1048576K
}
Event: 17.238 GC heap before
{Heap before GC invocations=13 (full 2):
 PSYoungGen      total 188416K, used 178688K [0x00000000d6180000, 0x00000000e2800000, 0x0000000100000000)
  eden space 178688K, 100% used [0x00000000d6180000,0x00000000e1000000,0x00000000e1000000)
  from space 9728K, 0% used [0x00000000e1c80000,0x00000000e1c80000,0x00000000e2600000)
  to   space 12288K, 0% used [0x00000000e1000000,0x00000000e1000000,0x00000000e1c00000)
 ParOldGen       total 67072K, used 19101K [0x0000000082400000, 0x0000000086580000, 0x00000000d6180000)
  object space 67072K, 28% used [0x0000000082400000,0x00000000836a7740,0x0000000086580000)
 Metaspace       used 44746K, capacity 45196K, committed 45568K, reserved 1089536K
  class space    used 5707K, capacity 5817K, committed 5888K, reserved 1048576K
Event: 17.255 GC heap after
Heap after GC invocations=13 (full 2):
 PSYoungGen      total 190976K, used 11521K [0x00000000d6180000, 0x00000000e2800000, 0x0000000100000000)
  eden space 178688K, 0% used [0x00000000d6180000,0x00000000d6180000,0x00000000e1000000)
  from space 12288K, 93% used [0x00000000e1000000,0x00000000e1b40630,0x00000000e1c00000)
  to   space 9728K, 0% used [0x00000000e1c80000,0x00000000e1c80000,0x00000000e2600000)
 ParOldGen       total 67072K, used 19109K [0x0000000082400000, 0x0000000086580000, 0x00000000d6180000)
  object space 67072K, 28% used [0x0000000082400000,0x00000000836a9740,0x0000000086580000)
 Metaspace       used 44746K, capacity 45196K, committed 45568K, reserved 1089536K
  class space    used 5707K, capacity 5817K, committed 5888K, reserved 1048576K
}
Event: 19.272 GC heap before
{Heap before GC invocations=14 (full 2):
 PSYoungGen      total 190976K, used 190209K [0x00000000d6180000, 0x00000000e2800000, 0x0000000100000000)
  eden space 178688K, 100% used [0x00000000d6180000,0x00000000e1000000,0x00000000e1000000)
  from space 12288K, 93% used [0x00000000e1000000,0x00000000e1b40630,0x00000000e1c00000)
  to   space 9728K, 0% used [0x00000000e1c80000,0x00000000e1c80000,0x00000000e2600000)
 ParOldGen       total 67072K, used 19109K [0x0000000082400000, 0x0000000086580000, 0x00000000d6180000)
  object space 67072K, 28% used [0x0000000082400000,0x00000000836a9740,0x0000000086580000)
 Metaspace       used 48974K, capacity 49492K, committed 49920K, reserved 1093632K
  class space    used 6155K, capacity 6287K, committed 6400K, reserved 1048576K
Event: 19.291 GC heap after
Heap after GC invocations=14 (full 2):
 PSYoungGen      total 188416K, used 9459K [0x00000000d6180000, 0x00000000e2800000, 0x0000000100000000)
  eden space 178688K, 0% used [0x00000000d6180000,0x00000000d6180000,0x00000000e1000000)
  from space 9728K, 97% used [0x00000000e1c80000,0x00000000e25bcc60,0x00000000e2600000)
  to   space 12288K, 0% used [0x00000000e1000000,0x00000000e1000000,0x00000000e1c00000)
 ParOldGen       total 67072K, used 23897K [0x0000000082400000, 0x0000000086580000, 0x00000000d6180000)
  object space 67072K, 35% used [0x0000000082400000,0x0000000083b567b0,0x0000000086580000)
 Metaspace       used 48974K, capacity 49492K, committed 49920K, reserved 1093632K
  class space    used 6155K, capacity 6287K, committed 6400K, reserved 1048576K
}
Event: 21.107 GC heap before
{Heap before GC invocations=15 (full 2):
 PSYoungGen      total 188416K, used 188147K [0x00000000d6180000, 0x00000000e2800000, 0x0000000100000000)
  eden space 178688K, 100% used [0x00000000d6180000,0x00000000e1000000,0x00000000e1000000)
  from space 9728K, 97% used [0x00000000e1c80000,0x00000000e25bcc60,0x00000000e2600000)
  to   space 12288K, 0% used [0x00000000e1000000,0x00000000e1000000,0x00000000e1c00000)
 ParOldGen       total 67072K, used 23897K [0x0000000082400000, 0x0000000086580000, 0x00000000d6180000)
  object space 67072K, 35% used [0x0000000082400000,0x0000000083b567b0,0x0000000086580000)
 Metaspace       used 51757K, capacity 52298K, committed 52864K, reserved 1095680K
  class space    used 6560K, capacity 6680K, committed 6784K, reserved 1048576K
Event: 21.244 GC heap after
Heap after GC invocations=15 (full 2):
 PSYoungGen      total 190976K, used 7479K [0x00000000d6180000, 0x00000000e2800000, 0x0000000100000000)
  eden space 178688K, 0% used [0x00000000d6180000,0x00000000d6180000,0x00000000e1000000)
  from space 12288K, 60% used [0x00000000e1000000,0x00000000e174dea0,0x00000000e1c00000)
  to   space 9728K, 0% used [0x00000000e1c80000,0x00000000e1c80000,0x00000000e2600000)
 ParOldGen       total 67072K, used 30550K [0x0000000082400000, 0x0000000086580000, 0x00000000d6180000)
  object space 67072K, 45% used [0x0000000082400000,0x00000000841d58d0,0x0000000086580000)
 Metaspace       used 51757K, capacity 52298K, committed 52864K, reserved 1095680K
  class space    used 6560K, capacity 6680K, committed 6784K, reserved 1048576K
}

Deoptimization events (10 events):
Event: 21.784 Thread 0x0000000002908000 Uncommon trap: reason=class_check action=maybe_recompile pc=0x00000000036f9304 method=java.util.AbstractList$Itr.next()Ljava/lang/Object; @ 14
Event: 21.787 Thread 0x0000000002908000 Uncommon trap: reason=class_check action=maybe_recompile pc=0x00000000036fc3d4 method=java.util.AbstractList$Itr.hasNext()Z @ 8
Event: 21.787 Thread 0x0000000002908000 Uncommon trap: reason=class_check action=maybe_recompile pc=0x00000000036f9304 method=java.util.AbstractList$Itr.next()Ljava/lang/Object; @ 14
Event: 21.796 Thread 0x0000000002908000 Uncommon trap: reason=unstable_if action=reinterpret pc=0x0000000003450a44 method=java.util.jar.JarFile.maybeInstantiateVerifier()V @ 75
Event: 21.889 Thread 0x0000000002908000 Uncommon trap: reason=bimorphic action=maybe_recompile pc=0x0000000003a11b84 method=java.net.URL.<init>(Ljava/net/URL;Ljava/lang/String;Ljava/net/URLStreamHandler;)V @ 504
Event: 21.889 Thread 0x0000000002908000 Uncommon trap: reason=unstable_if action=reinterpret pc=0x0000000003a4d9c4 method=java.net.URLStreamHandler.parseURL(Ljava/net/URL;Ljava/lang/String;II)V @ 155
Event: 21.898 Thread 0x0000000002908000 Uncommon trap: reason=class_check action=maybe_recompile pc=0x0000000002ff7f54 method=java.util.jar.JarFile.getJarEntry(Ljava/lang/String;)Ljava/util/jar/JarEntry; @ 2
Event: 21.901 Thread 0x0000000002908000 Uncommon trap: reason=class_check action=maybe_recompile pc=0x0000000002ff7f54 method=java.util.jar.JarFile.getJarEntry(Ljava/lang/String;)Ljava/util/jar/JarEntry; @ 2
Event: 21.901 Thread 0x0000000002908000 Uncommon trap: reason=class_check action=maybe_recompile pc=0x0000000002ff7f54 method=java.util.jar.JarFile.getJarEntry(Ljava/lang/String;)Ljava/util/jar/JarEntry; @ 2
Event: 21.901 Thread 0x0000000002908000 Uncommon trap: reason=class_check action=maybe_recompile pc=0x0000000002ff7f54 method=java.util.jar.JarFile.getJarEntry(Ljava/lang/String;)Ljava/util/jar/JarEntry; @ 2

Internal exceptions (10 events):
Event: 21.062 Thread 0x0000000002908000 Exception <a 'java/lang/ClassNotFoundException': org/springframework/context/annotation/ConfigurationClassEnhancer$EnhancedConfigurationCustomizer> (0x00000000e0a4b7e0) thrown at [C:\re\workspace\8-2-build-windows-amd64-cygwin\jdk8u144\9417\hotspot\src\sh
Event: 21.072 Thread 0x0000000002908000 Exception <a 'java/lang/ClassNotFoundException': org/springframework/boot/web/client/RestTemplateBuilderBeanInfo> (0x00000000e0b20740) thrown at [C:\re\workspace\8-2-build-windows-amd64-cygwin\jdk8u144\9417\hotspot\src\share\vm\classfile\systemDictionary.
Event: 21.073 Thread 0x0000000002908000 Exception <a 'java/lang/ClassNotFoundException': org/springframework/boot/web/client/RestTemplateBuilderCustomizer> (0x00000000e0b3faa0) thrown at [C:\re\workspace\8-2-build-windows-amd64-cygwin\jdk8u144\9417\hotspot\src\share\vm\classfile\systemDictionar
Event: 21.076 Thread 0x0000000002908000 Exception <a 'java/lang/ClassNotFoundException': org/springframework/boot/autoconfigure/web/WebClientAutoConfiguration$$EnhancerBySpringCGLIB$$62632738BeanInfo> (0x00000000e0bb8c90) thrown at [C:\re\workspace\8-2-build-windows-amd64-cygwin\jdk8u144\9417\h
Event: 21.076 Thread 0x0000000002908000 Exception <a 'java/lang/ClassNotFoundException': org/springframework/boot/autoconfigure/web/WebClientAutoConfigurationBeanInfo> (0x00000000e0bdcb78) thrown at [C:\re\workspace\8-2-build-windows-amd64-cygwin\jdk8u144\9417\hotspot\src\share\vm\classfile\sys
Event: 21.077 Thread 0x0000000002908000 Exception <a 'java/lang/ClassNotFoundException': org/springframework/boot/autoconfigure/web/WebClientAutoConfigurationCustomizer> (0x00000000e0c01190) thrown at [C:\re\workspace\8-2-build-windows-amd64-cygwin\jdk8u144\9417\hotspot\src\share\vm\classfile\s
Event: 21.077 Thread 0x0000000002908000 Exception <a 'java/lang/ClassNotFoundException': org/springframework/boot/autoconfigure/web/WebClientAutoConfiguration$$EnhancerBySpringCGLIB$$62632738Customizer> (0x00000000e0c32818) thrown at [C:\re\workspace\8-2-build-windows-amd64-cygwin\jdk8u144\9417
Event: 21.078 Thread 0x0000000002908000 Exception <a 'java/lang/ClassNotFoundException': org/springframework/context/annotation/ConfigurationClassEnhancer$EnhancedConfigurationCustomizer> (0x00000000e0c62d60) thrown at [C:\re\workspace\8-2-build-windows-amd64-cygwin\jdk8u144\9417\hotspot\src\sh
Event: 21.410 Thread 0x0000000002908000 Exception <a 'java/lang/ClassNotFoundException': com/ytsssss/collaborationblog/cotroller/FileControllerTestBeanInfo> (0x00000000d6f50b28) thrown at [C:\re\workspace\8-2-build-windows-amd64-cygwin\jdk8u144\9417\hotspot\src\share\vm\classfile\systemDictiona
Event: 21.411 Thread 0x0000000002908000 Exception <a 'java/lang/ClassNotFoundException': com/ytsssss/collaborationblog/cotroller/FileControllerTestCustomizer> (0x00000000d6f71490) thrown at [C:\re\workspace\8-2-build-windows-amd64-cygwin\jdk8u144\9417\hotspot\src\share\vm\classfile\systemDictio

Events (10 events):
Event: 21.898 Thread 0x0000000002908000 DEOPT UNPACKING pc=0x0000000002c0582a sp=0x00000000028fb930 mode 2
Event: 21.901 Thread 0x0000000002908000 Uncommon trap: trap_request=0xffffffde fr.pc=0x0000000002ff7f54
Event: 21.901 Thread 0x0000000002908000 DEOPT PACKING pc=0x0000000002ff7f54 sp=0x00000000028fbc60
Event: 21.901 Thread 0x0000000002908000 DEOPT UNPACKING pc=0x0000000002c0582a sp=0x00000000028fbc00 mode 2
Event: 21.901 Thread 0x0000000002908000 Uncommon trap: trap_request=0xffffffde fr.pc=0x0000000002ff7f54
Event: 21.901 Thread 0x0000000002908000 DEOPT PACKING pc=0x0000000002ff7f54 sp=0x00000000028fbc60
Event: 21.901 Thread 0x0000000002908000 DEOPT UNPACKING pc=0x0000000002c0582a sp=0x00000000028fbc00 mode 2
Event: 21.901 Thread 0x0000000002908000 Uncommon trap: trap_request=0xffffffde fr.pc=0x0000000002ff7f54
Event: 21.901 Thread 0x0000000002908000 DEOPT PACKING pc=0x0000000002ff7f54 sp=0x00000000028fbc60
Event: 21.901 Thread 0x0000000002908000 DEOPT UNPACKING pc=0x0000000002c0582a sp=0x00000000028fbc00 mode 2


Dynamic libraries:
0x00007ff7aa1d0000 - 0x00007ff7aa207000 	C:\Program Files\Java\jdk1.8.0_144\bin\java.exe
0x00007ffa59750000 - 0x00007ffa59912000 	C:\Windows\SYSTEM32\ntdll.dll
0x00007ffa57b20000 - 0x00007ffa57bcd000 	C:\Windows\system32\KERNEL32.DLL
0x00007ffa56c30000 - 0x00007ffa56e0d000 	C:\Windows\system32\KERNELBASE.dll
0x00007ffa57c70000 - 0x00007ffa57d16000 	C:\Windows\system32\ADVAPI32.dll
0x00007ffa57bd0000 - 0x00007ffa57c6d000 	C:\Windows\system32\msvcrt.dll
0x00007ffa576a0000 - 0x00007ffa576fb000 	C:\Windows\system32\sechost.dll
0x00007ffa56f00000 - 0x00007ffa57026000 	C:\Windows\system32\RPCRT4.dll
0x00007ffa57d20000 - 0x00007ffa57e6e000 	C:\Windows\system32\USER32.dll
0x00007ffa57930000 - 0x00007ffa57ab4000 	C:\Windows\system32\GDI32.dll
0x00007ffa4a2e0000 - 0x00007ffa4a554000 	C:\Windows\WinSxS\amd64_microsoft.windows.common-controls_6595b64144ccf1df_6.0.10240.17184_none_f41d7a705752bce6\COMCTL32.dll
0x00007ffa56ec0000 - 0x00007ffa56ef6000 	C:\Windows\system32\IMM32.DLL
0x00007ffa574d0000 - 0x00007ffa5762c000 	C:\Windows\system32\MSCTF.dll
0x000000006c420000 - 0x000000006c4f2000 	C:\Program Files\Java\jdk1.8.0_144\jre\bin\msvcr100.dll
0x000000006a4f0000 - 0x000000006ad8d000 	C:\Program Files\Java\jdk1.8.0_144\jre\bin\server\jvm.dll
0x00007ffa57690000 - 0x00007ffa57698000 	C:\Windows\system32\PSAPI.DLL
0x00007ffa53810000 - 0x00007ffa53833000 	C:\Windows\SYSTEM32\WINMM.dll
0x00007ffa51d30000 - 0x00007ffa51d39000 	C:\Windows\SYSTEM32\WSOCK32.dll
0x00007ffa578b0000 - 0x00007ffa57919000 	C:\Windows\system32\WS2_32.dll
0x00007ffa57920000 - 0x00007ffa57928000 	C:\Windows\system32\NSI.dll
0x00007ffa4c640000 - 0x00007ffa4c64a000 	C:\Windows\SYSTEM32\VERSION.dll
0x00007ffa537e0000 - 0x00007ffa5380c000 	C:\Windows\SYSTEM32\WINMMBASE.dll
0x00007ffa56330000 - 0x00007ffa56374000 	C:\Windows\system32\cfgmgr32.dll
0x00007ffa54b10000 - 0x00007ffa54b37000 	C:\Windows\SYSTEM32\DEVOBJ.dll
0x000000006c410000 - 0x000000006c41f000 	C:\Program Files\Java\jdk1.8.0_144\jre\bin\verify.dll
0x000000006c3e0000 - 0x000000006c409000 	C:\Program Files\Java\jdk1.8.0_144\jre\bin\java.dll
0x000000006c3b0000 - 0x000000006c3d3000 	C:\Program Files\Java\jdk1.8.0_144\jre\bin\instrument.dll
0x000000006c390000 - 0x000000006c3a6000 	C:\Program Files\Java\jdk1.8.0_144\jre\bin\zip.dll
0x00007ffa58200000 - 0x00007ffa59723000 	C:\Windows\system32\SHELL32.dll
0x00007ffa56550000 - 0x00007ffa56b79000 	C:\Windows\system32\windows.storage.dll
0x00007ffa571e0000 - 0x00007ffa5745c000 	C:\Windows\system32\combase.dll
0x00007ffa57470000 - 0x00007ffa574c1000 	C:\Windows\system32\shlwapi.dll
0x00007ffa561e0000 - 0x00007ffa561ef000 	C:\Windows\system32\kernel.appcore.dll
0x00007ffa56210000 - 0x00007ffa562c3000 	C:\Windows\system32\shcore.dll
0x00007ffa56170000 - 0x00007ffa561ba000 	C:\Windows\system32\powrprof.dll
0x00007ffa561f0000 - 0x00007ffa56203000 	C:\Windows\system32\profapi.dll
0x00007ffa51e10000 - 0x00007ffa51e2a000 	F:\IntelliJ IDEA 2017.3.2\bin\breakgen64.dll
0x000000006c370000 - 0x000000006c38a000 	C:\Program Files\Java\jdk1.8.0_144\jre\bin\net.dll
0x00007ffa559e0000 - 0x00007ffa55a3d000 	C:\Windows\system32\mswsock.dll
0x000000006c360000 - 0x000000006c36d000 	C:\Program Files\Java\jdk1.8.0_144\jre\bin\management.dll
0x00007ffa4c540000 - 0x00007ffa4c555000 	C:\Windows\system32\napinsp.dll
0x00007ffa4c560000 - 0x00007ffa4c57a000 	C:\Windows\system32\pnrpnsp.dll
0x00007ffa545c0000 - 0x00007ffa545d8000 	C:\Windows\system32\NLAapi.dll
0x00007ffa55780000 - 0x00007ffa55828000 	C:\Windows\SYSTEM32\DNSAPI.dll
0x00007ffa4cb80000 - 0x00007ffa4cb8d000 	C:\Windows\System32\winrnr.dll
0x00007ffa53910000 - 0x00007ffa5391a000 	C:\Windows\System32\rasadhlp.dll
0x00007ffa54750000 - 0x00007ffa54788000 	C:\Windows\SYSTEM32\IPHLPAPI.DLL
0x00007ffa545e0000 - 0x00007ffa545eb000 	C:\Windows\SYSTEM32\WINNSI.DLL
0x00007ffa53f50000 - 0x00007ffa53fb8000 	C:\Windows\System32\fwpuclnt.dll
0x00007ffa56000000 - 0x00007ffa56028000 	C:\Windows\SYSTEM32\bcrypt.dll
0x000000006a3f0000 - 0x000000006a401000 	C:\Program Files\Java\jdk1.8.0_144\jre\bin\nio.dll
0x00007ffa55a40000 - 0x00007ffa55a57000 	C:\Windows\SYSTEM32\CRYPTSP.dll
0x00007ffa55690000 - 0x00007ffa556c3000 	C:\Windows\system32\rsaenh.dll
0x00007ffa55870000 - 0x00007ffa5588f000 	C:\Windows\SYSTEM32\USERENV.dll
0x00007ffa55f90000 - 0x00007ffa55ffb000 	C:\Windows\system32\bcryptprimitives.dll
0x00007ffa55bb0000 - 0x00007ffa55bbb000 	C:\Windows\SYSTEM32\CRYPTBASE.dll
0x00007ffa53e40000 - 0x00007ffa53e56000 	C:\Windows\SYSTEM32\dhcpcsvc6.DLL
0x00007ffa53cf0000 - 0x00007ffa53d0a000 	C:\Windows\SYSTEM32\dhcpcsvc.DLL
0x000000006a370000 - 0x000000006a394000 	C:\Program Files\Java\jdk1.8.0_144\jre\bin\sunec.dll

VM Arguments:
jvm_args: -ea -Didea.test.cyclic.buffer.size=1048576 -javaagent:F:\IntelliJ IDEA 2017.3.2\lib\idea_rt.jar=53622:F:\IntelliJ IDEA 2017.3.2\bin -Dfile.encoding=UTF-8 
java_command: com.intellij.rt.execution.junit.JUnitStarter -ideVersion5 -junit4 com.ytsssss.collaborationblog.cotroller.FileControllerTest,upload
java_class_path (initial): F:\IntelliJ IDEA 2017.3.2\lib\idea_rt.jar;F:\IntelliJ IDEA 2017.3.2\plugins\junit\lib\junit-rt.jar;F:\IntelliJ IDEA 2017.3.2\plugins\junit\lib\junit5-rt.jar;C:\Program Files\Java\jdk1.8.0_144\jre\lib\charsets.jar;C:\Program Files\Java\jdk1.8.0_144\jre\lib\deploy.jar;C:\Program Files\Java\jdk1.8.0_144\jre\lib\ext\access-bridge-64.jar;C:\Program Files\Java\jdk1.8.0_144\jre\lib\ext\cldrdata.jar;C:\Program Files\Java\jdk1.8.0_144\jre\lib\ext\dnsns.jar;C:\Program Files\Java\jdk1.8.0_144\jre\lib\ext\jaccess.jar;C:\Program Files\Java\jdk1.8.0_144\jre\lib\ext\jfxrt.jar;C:\Program Files\Java\jdk1.8.0_144\jre\lib\ext\localedata.jar;C:\Program Files\Java\jdk1.8.0_144\jre\lib\ext\nashorn.jar;C:\Program Files\Java\jdk1.8.0_144\jre\lib\ext\sunec.jar;C:\Program Files\Java\jdk1.8.0_144\jre\lib\ext\sunjce_provider.jar;C:\Program Files\Java\jdk1.8.0_144\jre\lib\ext\sunmscapi.jar;C:\Program Files\Java\jdk1.8.0_144\jre\lib\ext\sunpkcs11.jar;C:\Program Files\Java\jdk1.8.0_144\jre\lib\ext\zipfs.jar;C:\Program Files\Java\jdk1.8.0_144\jre\lib\javaws.jar;C:\Program Files\Java\jdk1.8.0_144\jre\lib\jce.jar;C:\Program Files\Java\jdk1.8.0_144\jre\lib\jfr.jar;C:\Program Files\Java\jdk1.8.0_144\jre\lib\jfxswt.jar;C:\Program Files\Java\jdk1.8.0_144\jre\lib\jsse.jar;C:\Program Files\Java\jdk1.8.0_144\jre\lib\management-agent.jar;C:\Program Files\Java\jdk1.8.0_144\jre\lib\plugin.jar;C:\Program Files\Java\jdk1.8.0_144\jre\lib\resources.jar;C:\Program Files\Java\jdk1.8.0_144\jre\lib\rt.jar;F:\git\CollaborationBlog\target\test-classes;F:\git\CollaborationBlog\target\classes;C:\Users\Administrator\.m2\repository\org\mybatis\spring\boot\mybatis-spring-boot-starter\1.3.1\mybatis-spring-boot-starter-1.3.1.jar;C:\Users\Administrator\.m2\repository\org\springframework\boot\spring-boot-starter\1.5.9.RELEASE\spring-boot-starter-1.5.9.RELEASE.jar;C:\Users\Administrator\.m2\repository\org\springframework\boot\spring-boot\1.5.9.RELEASE\spring-boot-1.5.9.RELEASE.jar;C:\Users\Administra
Launcher Type: SUN_STANDARD

Environment Variables:
JAVA_HOME=C:\Program Files\Java\jdk1.8.0_144
CLASSPATH=.;C:\Program Files\Java\jdk1.8.0_144\lib\dt.jar;C:\Program Files\Java\jdk1.8.0_144\lib\tools.jar;
PATH=C:\ProgramData\Oracle\Java\javapath;C:\Program Files\Git\cmd ;C:\Program Files\Java\jdk1.8.0_144\bin;C:\Program Files\Java\jdk1.8.0_144\jre\bin;F:\apache-maven-3.3.9-bin\apache-maven-3.3.9\bin;F:\spring-1.5.9.RELEASE\bin;;C:\Program Files (x86)\Bitvise SSH Client;C:\Program Files\nodejs\;;F:\Microsoft VS Code\bin;C:\Users\Administrator\AppData\Roaming\npm
USERNAME=Administrator
OS=Windows_NT
PROCESSOR_IDENTIFIER=Intel64 Family 6 Model 42 Stepping 7, GenuineIntel



---------------  S Y S T E M  ---------------

OS: Windows 10.0 , 64 bit Build 10240 (10.0.10240.17113)

CPU:total 4 (initial active 4) (2 cores per cpu, 2 threads per core) family 6 model 42 stepping 7, cmov, cx8, fxsr, mmx, sse, sse2, sse3, ssse3, sse4.1, sse4.2, popcnt, avx, clmul, ht, tsc, tscinvbit

Memory: 4k page, physical 8233360k(581604k free), swap 18719244k(4756k free)

vm_info: Java HotSpot(TM) 64-Bit Server VM (25.144-b01) for windows-amd64 JRE (1.8.0_144-b01), built on Jul 21 2017 21:57:33 by "java_re" with MS VC++ 10.0 (VS2010)

time: Wed Jan 31 11:32:53 2018
elapsed time: 21 seconds (0d 0h 0m 21s)

