#
# There is insufficient memory for the Java Runtime Environment to continue.
# Native memory allocation (malloc) failed to allocate 32744 bytes for ChunkPool::allocate
# Possible reasons:
#   The system is out of physical RAM or swap space
#   In 32 bit mode, the process size limit was hit
# Possible solutions:
#   Reduce memory load on the system
#   Increase physical memory or swap space
#   Check if swap backing store is full
#   Use 64 bit Java on a 64 bit OS
#   Decrease Java heap size (-Xmx/-Xms)
#   Decrease number of Java threads
#   Decrease Java thread stack sizes (-Xss)
#   Set larger code cache with -XX:ReservedCodeCacheSize=
# This output file may be truncated or incomplete.
#
#  Out of Memory Error (allocation.cpp:273), pid=7424, tid=0x0000000000001bd8
#
# JRE version: Java(TM) SE Runtime Environment (8.0_144-b01) (build 1.8.0_144-b01)
# Java VM: Java HotSpot(TM) 64-Bit Server VM (25.144-b01 mixed mode windows-amd64 compressed oops)
# Failed to write core dump. Minidumps are not enabled by default on client versions of Windows
#

---------------  T H R E A D  ---------------

Current thread (0x000000001793d800):  JavaThread "C1 CompilerThread2" daemon [_thread_in_native, id=7128, stack(0x0000000019540000,0x0000000019640000)]

Stack: [0x0000000019540000,0x0000000019640000]
[error occurred during error reporting (printing stack bounds), id 0xc0000005]

Native frames: (J=compiled Java code, j=interpreted, Vv=VM code, C=native code)


Current CompileTask:
C1:  16352 5124       3       com.sun.activation.registries.MimeTypeFile::parseEntry (355 bytes)


---------------  P R O C E S S  ---------------

Java Threads: ( => current thread )
  0x000000001b5ad800 JavaThread "commons-pool-evictor-thread" [_thread_blocked, id=8836, stack(0x00000000213f0000,0x00000000214f0000)]
  0x000000001b64c000 JavaThread "Abandoned connection cleanup thread" daemon [_thread_blocked, id=6504, stack(0x000000001c570000,0x000000001c670000)]
  0x000000001b64b000 JavaThread "Tomcat JDBC Pool Cleaner[414493378:1517369427299]" daemon [_thread_blocked, id=10644, stack(0x000000001b270000,0x000000001b370000)]
  0x0000000018cd4000 JavaThread "Service Thread" daemon [_thread_blocked, id=8292, stack(0x0000000019640000,0x0000000019740000)]
=>0x000000001793d800 JavaThread "C1 CompilerThread2" daemon [_thread_in_native, id=7128, stack(0x0000000019540000,0x0000000019640000)]
  0x0000000017931800 JavaThread "C2 CompilerThread1" daemon [_thread_in_native, id=9472, stack(0x0000000019440000,0x0000000019540000)]
  0x000000001792e800 JavaThread "C2 CompilerThread0" daemon [_thread_in_native, id=11212, stack(0x0000000019340000,0x0000000019440000)]
  0x000000001792b800 JavaThread "Monitor Ctrl-Break" daemon [_thread_in_native, id=9364, stack(0x0000000019240000,0x0000000019340000)]
  0x0000000018c83800 JavaThread "Attach Listener" daemon [_thread_blocked, id=7260, stack(0x0000000019140000,0x0000000019240000)]
  0x00000000178f4000 JavaThread "Signal Dispatcher" daemon [_thread_blocked, id=9140, stack(0x0000000019040000,0x0000000019140000)]
  0x00000000178c9800 JavaThread "Finalizer" daemon [_thread_blocked, id=4000, stack(0x0000000018b40000,0x0000000018c40000)]
  0x0000000002cd7000 JavaThread "Reference Handler" daemon [_thread_blocked, id=1876, stack(0x0000000018a40000,0x0000000018b40000)]
  0x0000000002be8000 JavaThread "main" [_thread_in_vm, id=8092, stack(0x0000000002a60000,0x0000000002b60000)]

Other Threads:
  0x00000000178a7000 VMThread [stack: 0x0000000018940000,0x0000000018a40000] [id=660]
  0x0000000018d46000 WatcherThread [stack: 0x0000000019740000,0x0000000019840000] [id=11684]

VM state:not at safepoint (normal execution)

VM Mutex/Monitor currently owned by a thread: None

Heap:
 PSYoungGen      total 173056K, used 120581K [0x00000000d6180000, 0x00000000e1800000, 0x0000000100000000)
  eden space 160256K, 68% used [0x00000000d6180000,0x00000000dcd10f90,0x00000000dfe00000)
  from space 12800K, 81% used [0x00000000e0b00000,0x00000000e1530780,0x00000000e1780000)
  to   space 13312K, 0% used [0x00000000dfe00000,0x00000000dfe00000,0x00000000e0b00000)
 ParOldGen       total 92160K, used 18302K [0x0000000082400000, 0x0000000087e00000, 0x00000000d6180000)
  object space 92160K, 19% used [0x0000000082400000,0x00000000835df8a0,0x0000000087e00000)
 Metaspace       used 45824K, capacity 46292K, committed 46760K, reserved 1089536K
  class space    used 5842K, capacity 5947K, committed 6056K, reserved 1048576K

Card table byte_map: [0x00000000121e0000,0x00000000125d0000] byte_map_base: 0x0000000011dce000

Marking Bits: (ParMarkBitMap*) 0x000000006ad0d850
 Begin Bits: [0x0000000012c70000, 0x0000000014be0000)
 End Bits:   [0x0000000014be0000, 0x0000000016b50000)

Polling page: 0x0000000000b10000

CodeCache: size=245760Kb used=16913Kb max_used=16913Kb free=228847Kb
 bounds [0x0000000002e20000, 0x0000000003ec0000, 0x0000000011e20000]
 total_blobs=5177 nmethods=4652 adapters=437
 compilation: enabled

Compilation events (10 events):
Event: 16.249 Thread 0x000000001793d800 nmethod 5117 0x0000000003eadb50 code [0x0000000003eadd20, 0x0000000003eae4f8]
Event: 16.249 Thread 0x000000001793d800 5118       3       org.springframework.cglib.core.EmitUtils$13::<init> (10 bytes)
Event: 16.249 Thread 0x000000001793d800 nmethod 5118 0x0000000003eae8d0 code [0x0000000003eaea20, 0x0000000003eaebf0]
Event: 16.249 Thread 0x000000001793d800 5119       3       org.springframework.cglib.core.EmitUtils$14::<init> (38 bytes)
Event: 16.249 Thread 0x000000001793d800 nmethod 5119 0x0000000003eaec90 code [0x0000000003eaede0, 0x0000000003eaf010]
Event: 16.280 Thread 0x000000001793d800 5121       3       java.util.WeakHashMap::<init> (133 bytes)
Event: 16.281 Thread 0x000000001793d800 nmethod 5121 0x0000000003eaf0d0 code [0x0000000003eaf3c0, 0x0000000003eb0b08]
Event: 16.290 Thread 0x000000001793d800 5122       3       java.util.StringTokenizer::nextToken (92 bytes)
Event: 16.291 Thread 0x000000001793d800 nmethod 5122 0x0000000003eb1710 code [0x0000000003eb18c0, 0x0000000003eb1cf8]
Event: 16.292 Thread 0x000000001793d800 5124       3       com.sun.activation.registries.MimeTypeFile::parseEntry (355 bytes)

GC Heap History (10 events):
Event: 7.154 GC heap before
{Heap before GC invocations=8 (full 1):
 PSYoungGen      total 108032K, used 107977K [0x00000000d6180000, 0x00000000dee80000, 0x0000000100000000)
  eden space 103936K, 100% used [0x00000000d6180000,0x00000000dc700000,0x00000000dc700000)
  from space 4096K, 98% used [0x00000000dea80000,0x00000000dee727c0,0x00000000dee80000)
  to   space 9216K, 0% used [0x00000000ddc80000,0x00000000ddc80000,0x00000000de580000)
 ParOldGen       total 57344K, used 7739K [0x0000000082400000, 0x0000000085c00000, 0x00000000d6180000)
  object space 57344K, 13% used [0x0000000082400000,0x0000000082b8ef18,0x0000000085c00000)
 Metaspace       used 27421K, capacity 27818K, committed 28080K, reserved 1073152K
  class space    used 3362K, capacity 3460K, committed 3504K, reserved 1048576K
Event: 7.177 GC heap after
Heap after GC invocations=8 (full 1):
 PSYoungGen      total 135168K, used 7495K [0x00000000d6180000, 0x00000000e1280000, 0x0000000100000000)
  eden space 125952K, 0% used [0x00000000d6180000,0x00000000d6180000,0x00000000ddc80000)
  from space 9216K, 81% used [0x00000000ddc80000,0x00000000de3d1ce8,0x00000000de580000)
  to   space 9728K, 0% used [0x00000000e0900000,0x00000000e0900000,0x00000000e1280000)
 ParOldGen       total 57344K, used 7747K [0x0000000082400000, 0x0000000085c00000, 0x00000000d6180000)
  object space 57344K, 13% used [0x0000000082400000,0x0000000082b90f18,0x0000000085c00000)
 Metaspace       used 27421K, capacity 27818K, committed 28080K, reserved 1073152K
  class space    used 3362K, capacity 3460K, committed 3504K, reserved 1048576K
}
Event: 8.969 GC heap before
{Heap before GC invocations=9 (full 1):
 PSYoungGen      total 135168K, used 133447K [0x00000000d6180000, 0x00000000e1280000, 0x0000000100000000)
  eden space 125952K, 100% used [0x00000000d6180000,0x00000000ddc80000,0x00000000ddc80000)
  from space 9216K, 81% used [0x00000000ddc80000,0x00000000de3d1ce8,0x00000000de580000)
  to   space 9728K, 0% used [0x00000000e0900000,0x00000000e0900000,0x00000000e1280000)
 ParOldGen       total 57344K, used 7747K [0x0000000082400000, 0x0000000085c00000, 0x00000000d6180000)
  object space 57344K, 13% used [0x0000000082400000,0x0000000082b90f18,0x0000000085c00000)
 Metaspace       used 30315K, capacity 30762K, committed 31152K, reserved 1077248K
  class space    used 3779K, capacity 3892K, committed 4016K, reserved 1048576K
Event: 8.981 GC heap after
Heap after GC invocations=9 (full 1):
 PSYoungGen      total 135680K, used 9298K [0x00000000d6180000, 0x00000000e1280000, 0x0000000100000000)
  eden space 125952K, 0% used [0x00000000d6180000,0x00000000d6180000,0x00000000ddc80000)
  from space 9728K, 95% used [0x00000000e0900000,0x00000000e1214ad0,0x00000000e1280000)
  to   space 9216K, 0% used [0x00000000ddc80000,0x00000000ddc80000,0x00000000de580000)
 ParOldGen       total 57344K, used 7755K [0x0000000082400000, 0x0000000085c00000, 0x00000000d6180000)
  object space 57344K, 13% used [0x0000000082400000,0x0000000082b92f18,0x0000000085c00000)
 Metaspace       used 30315K, capacity 30762K, committed 31152K, reserved 1077248K
  class space    used 3779K, capacity 3892K, committed 4016K, reserved 1048576K
}
Event: 13.271 GC heap before
{Heap before GC invocations=10 (full 1):
 PSYoungGen      total 135680K, used 56245K [0x00000000d6180000, 0x00000000e1280000, 0x0000000100000000)
  eden space 125952K, 37% used [0x00000000d6180000,0x00000000d8f58970,0x00000000ddc80000)
  from space 9728K, 95% used [0x00000000e0900000,0x00000000e1214ad0,0x00000000e1280000)
  to   space 9216K, 0% used [0x00000000ddc80000,0x00000000ddc80000,0x00000000de580000)
 ParOldGen       total 57344K, used 7755K [0x0000000082400000, 0x0000000085c00000, 0x00000000d6180000)
  object space 57344K, 13% used [0x0000000082400000,0x0000000082b92f18,0x0000000085c00000)
 Metaspace       used 34843K, capacity 35298K, committed 35496K, reserved 1081344K
  class space    used 4322K, capacity 4440K, committed 4520K, reserved 1048576K
Event: 13.284 GC heap after
Heap after GC invocations=10 (full 1):
 PSYoungGen      total 135168K, used 9184K [0x00000000d6180000, 0x00000000e1780000, 0x0000000100000000)
  eden space 125952K, 0% used [0x00000000d6180000,0x00000000d6180000,0x00000000ddc80000)
  from space 9216K, 99% used [0x00000000ddc80000,0x00000000de578218,0x00000000de580000)
  to   space 12800K, 0% used [0x00000000e0b00000,0x00000000e0b00000,0x00000000e1780000)
 ParOldGen       total 57344K, used 11074K [0x0000000082400000, 0x0000000085c00000, 0x00000000d6180000)
  object space 57344K, 19% used [0x0000000082400000,0x0000000082ed0858,0x0000000085c00000)
 Metaspace       used 34843K, capacity 35298K, committed 35496K, reserved 1081344K
  class space    used 4322K, capacity 4440K, committed 4520K, reserved 1048576K
}
Event: 13.284 GC heap before
{Heap before GC invocations=11 (full 2):
 PSYoungGen      total 135168K, used 9184K [0x00000000d6180000, 0x00000000e1780000, 0x0000000100000000)
  eden space 125952K, 0% used [0x00000000d6180000,0x00000000d6180000,0x00000000ddc80000)
  from space 9216K, 99% used [0x00000000ddc80000,0x00000000de578218,0x00000000de580000)
  to   space 12800K, 0% used [0x00000000e0b00000,0x00000000e0b00000,0x00000000e1780000)
 ParOldGen       total 57344K, used 11074K [0x0000000082400000, 0x0000000085c00000, 0x00000000d6180000)
  object space 57344K, 19% used [0x0000000082400000,0x0000000082ed0858,0x0000000085c00000)
 Metaspace       used 34843K, capacity 35298K, committed 35496K, reserved 1081344K
  class space    used 4322K, capacity 4440K, committed 4520K, reserved 1048576K
Event: 13.388 GC heap after
Heap after GC invocations=11 (full 2):
 PSYoungGen      total 135168K, used 0K [0x00000000d6180000, 0x00000000e1780000, 0x0000000100000000)
  eden space 125952K, 0% used [0x00000000d6180000,0x00000000d6180000,0x00000000ddc80000)
  from space 9216K, 0% used [0x00000000ddc80000,0x00000000ddc80000,0x00000000de580000)
  to   space 12800K, 0% used [0x00000000e0b00000,0x00000000e0b00000,0x00000000e1780000)
 ParOldGen       total 92160K, used 18294K [0x0000000082400000, 0x0000000087e00000, 0x00000000d6180000)
  object space 92160K, 19% used [0x0000000082400000,0x00000000835dd8a0,0x0000000087e00000)
 Metaspace       used 34843K, capacity 35298K, committed 35496K, reserved 1081344K
  class space    used 4322K, capacity 4440K, committed 4520K, reserved 1048576K
}
Event: 15.359 GC heap before
{Heap before GC invocations=12 (full 2):
 PSYoungGen      total 135168K, used 125952K [0x00000000d6180000, 0x00000000e1780000, 0x0000000100000000)
  eden space 125952K, 100% used [0x00000000d6180000,0x00000000ddc80000,0x00000000ddc80000)
  from space 9216K, 0% used [0x00000000ddc80000,0x00000000ddc80000,0x00000000de580000)
  to   space 12800K, 0% used [0x00000000e0b00000,0x00000000e0b00000,0x00000000e1780000)
 ParOldGen       total 92160K, used 18294K [0x0000000082400000, 0x0000000087e00000, 0x00000000d6180000)
  object space 92160K, 19% used [0x0000000082400000,0x00000000835dd8a0,0x0000000087e00000)
 Metaspace       used 44444K, capacity 44872K, committed 45096K, reserved 1089536K
  class space    used 5702K, capacity 5817K, committed 5928K, reserved 1048576K
Event: 15.373 GC heap after
Heap after GC invocations=12 (full 2):
 PSYoungGen      total 173056K, used 10433K [0x00000000d6180000, 0x00000000e1800000, 0x0000000100000000)
  eden space 160256K, 0% used [0x00000000d6180000,0x00000000d6180000,0x00000000dfe00000)
  from space 12800K, 81% used [0x00000000e0b00000,0x00000000e1530780,0x00000000e1780000)
  to   space 13312K, 0% used [0x00000000dfe00000,0x00000000dfe00000,0x00000000e0b00000)
 ParOldGen       total 92160K, used 18302K [0x0000000082400000, 0x0000000087e00000, 0x00000000d6180000)
  object space 92160K, 19% used [0x0000000082400000,0x00000000835df8a0,0x0000000087e00000)
 Metaspace       used 44444K, capacity 44872K, committed 45096K, reserved 1089536K
  class space    used 5702K, capacity 5817K, committed 5928K, reserved 1048576K
}

Deoptimization events (10 events):
Event: 15.303 Thread 0x0000000002be8000 Uncommon trap: reason=unstable_if action=reinterpret pc=0x00000000030e8338 method=com.sun.org.apache.xml.internal.utils.SuballocatedIntVector.elementAt(I)I @ 5
Event: 15.452 Thread 0x0000000002be8000 Uncommon trap: reason=unstable_if action=reinterpret pc=0x0000000003cd3760 method=com.sun.org.apache.xerces.internal.dom.ElementImpl.getNodeName()Ljava/lang/String; @ 4
Event: 15.478 Thread 0x0000000002be8000 Uncommon trap: reason=unstable_if action=reinterpret pc=0x00000000033bcf78 method=com.sun.org.apache.xerces.internal.impl.XMLEntityScanner.peekChar()I @ 14
Event: 15.830 Thread 0x0000000002be8000 Uncommon trap: reason=unstable_if action=reinterpret pc=0x00000000038e4564 method=org.springframework.beans.factory.support.AbstractBeanFactory.isTypeMatch(Ljava/lang/String;Lorg/springframework/core/ResolvableType;)Z @ 400
Event: 15.855 Thread 0x0000000002be8000 Uncommon trap: reason=null_check action=make_not_entrant pc=0x0000000003448dbc method=org.springframework.util.ClassUtils.isAssignable(Ljava/lang/Class;Ljava/lang/Class;)Z @ 14
Event: 15.892 Thread 0x0000000002be8000 Uncommon trap: reason=unstable_if action=reinterpret pc=0x00000000039cbebc method=org.springframework.boot.bind.DefaultPropertyNamePatternsMatcher.matches(Ljava/lang/String;)Z @ 112
Event: 16.077 Thread 0x0000000002be8000 Uncommon trap: reason=class_check action=maybe_recompile pc=0x00000000030925dc method=java.lang.reflect.Array.newInstance(Ljava/lang/Class;I)Ljava/lang/Object; @ 2
Event: 16.079 Thread 0x0000000002be8000 Uncommon trap: reason=class_check action=maybe_recompile pc=0x00000000030925dc method=java.lang.reflect.Array.newInstance(Ljava/lang/Class;I)Ljava/lang/Object; @ 2
Event: 16.091 Thread 0x0000000002be8000 Uncommon trap: reason=unstable_if action=reinterpret pc=0x0000000003998f2c method=org.springframework.core.ResolvableType.getInterfaces()[Lorg/springframework/core/ResolvableType; @ 27
Event: 16.290 Thread 0x0000000002be8000 Uncommon trap: reason=unstable_if action=reinterpret pc=0x0000000003a91b6c method=java.util.StringTokenizer.nextToken()Ljava/lang/String; @ 5

Internal exceptions (10 events):
Event: 16.181 Thread 0x0000000002be8000 Exception <a 'java/lang/ClassNotFoundException': com/ytsssss/collaborationblog/service/MailServiceCustomizer> (0x00000000dc8bc868) thrown at [C:\re\workspace\8-2-build-windows-amd64-cygwin\jdk8u144\9417\hotspot\src\share\vm\classfile\systemDictionary.cpp,
Event: 16.200 Thread 0x0000000002be8000 Exception <a 'java/lang/ClassNotFoundException': org/springframework/boot/autoconfigure/mail/MailPropertiesBeanInfo> (0x00000000dc9053e0) thrown at [C:\re\workspace\8-2-build-windows-amd64-cygwin\jdk8u144\9417\hotspot\src\share\vm\classfile\systemDictiona
Event: 16.200 Thread 0x0000000002be8000 Exception <a 'java/lang/ClassNotFoundException': org/springframework/boot/autoconfigure/mail/MailPropertiesCustomizer> (0x00000000dc9270a0) thrown at [C:\re\workspace\8-2-build-windows-amd64-cygwin\jdk8u144\9417\hotspot\src\share\vm\classfile\systemDictio
Event: 16.221 Thread 0x0000000002be8000 Exception <a 'java/lang/ClassNotFoundException': org/springframework/boot/autoconfigure/mail/MailSenderAutoConfiguration$$EnhancerBySpringCGLIB$$b6d346d9BeanInfo> (0x00000000dca0cf48) thrown at [C:\re\workspace\8-2-build-windows-amd64-cygwin\jdk8u144\9417
Event: 16.221 Thread 0x0000000002be8000 Exception <a 'java/lang/ClassNotFoundException': org/springframework/boot/autoconfigure/mail/MailSenderAutoConfigurationBeanInfo> (0x00000000dca325a0) thrown at [C:\re\workspace\8-2-build-windows-amd64-cygwin\jdk8u144\9417\hotspot\src\share\vm\classfile\s
Event: 16.236 Thread 0x0000000002be8000 Exception <a 'java/lang/ClassNotFoundException': org/springframework/boot/autoconfigure/mail/MailSenderAutoConfigurationCustomizer> (0x00000000dca57ec0) thrown at [C:\re\workspace\8-2-build-windows-amd64-cygwin\jdk8u144\9417\hotspot\src\share\vm\classfile
Event: 16.237 Thread 0x0000000002be8000 Exception <a 'java/lang/ClassNotFoundException': org/springframework/boot/autoconfigure/mail/MailSenderAutoConfiguration$$EnhancerBySpringCGLIB$$b6d346d9Customizer> (0x00000000dca8a7f0) thrown at [C:\re\workspace\8-2-build-windows-amd64-cygwin\jdk8u144\94
Event: 16.238 Thread 0x0000000002be8000 Exception <a 'java/lang/ClassNotFoundException': org/springframework/context/annotation/ConfigurationClassEnhancer$EnhancedConfigurationCustomizer> (0x00000000dcabc8f0) thrown at [C:\re\workspace\8-2-build-windows-amd64-cygwin\jdk8u144\9417\hotspot\src\sh
Event: 16.287 Thread 0x0000000002be8000 Exception <a 'java/io/FileNotFoundException'> (0x00000000dcbce468) thrown at [C:\re\workspace\8-2-build-windows-amd64-cygwin\jdk8u144\9417\hotspot\src\share\vm\prims\jni.cpp, line 709]
Event: 16.287 Thread 0x0000000002be8000 Exception <a 'java/io/FileNotFoundException'> (0x00000000dcbcf070) thrown at [C:\re\workspace\8-2-build-windows-amd64-cygwin\jdk8u144\9417\hotspot\src\share\vm\prims\jni.cpp, line 709]

Events (10 events):
Event: 16.288 loading class javax/activation/SecuritySupport$3 done
Event: 16.288 loading class javax/activation/SecuritySupport$2
Event: 16.288 loading class javax/activation/SecuritySupport$2 done
Event: 16.289 loading class sun/nio/cs/ISO_8859_1$Decoder
Event: 16.289 loading class sun/nio/cs/ISO_8859_1$Decoder done
Event: 16.290 Thread 0x0000000002be8000 Uncommon trap: trap_request=0xffffff65 fr.pc=0x0000000003a91b6c
Event: 16.290 Thread 0x0000000002be8000 DEOPT PACKING pc=0x0000000003a91b6c sp=0x0000000002b5b8f0
Event: 16.290 Thread 0x0000000002be8000 DEOPT UNPACKING pc=0x0000000002e6582a sp=0x0000000002b5b8d8 mode 2
Event: 16.290 loading class com/sun/activation/registries/MimeTypeEntry
Event: 16.290 loading class com/sun/activation/registries/MimeTypeEntry done


Dynamic libraries:
0x00007ff7aa1d0000 - 0x00007ff7aa207000 	C:\Program Files\Java\jdk1.8.0_144\bin\java.exe
0x00007ffa59750000 - 0x00007ffa59912000 	C:\Windows\SYSTEM32\ntdll.dll
0x00007ffa57b20000 - 0x00007ffa57bcd000 	C:\Windows\system32\KERNEL32.DLL
0x00007ffa56c30000 - 0x00007ffa56e0d000 	C:\Windows\system32\KERNELBASE.dll
0x00007ffa57c70000 - 0x00007ffa57d16000 	C:\Windows\system32\ADVAPI32.dll
0x00007ffa57bd0000 - 0x00007ffa57c6d000 	C:\Windows\system32\msvcrt.dll
0x00007ffa576a0000 - 0x00007ffa576fb000 	C:\Windows\system32\sechost.dll
0x00007ffa56f00000 - 0x00007ffa57026000 	C:\Windows\system32\RPCRT4.dll
0x00007ffa57d20000 - 0x00007ffa57e6e000 	C:\Windows\system32\USER32.dll
0x00007ffa57930000 - 0x00007ffa57ab4000 	C:\Windows\system32\GDI32.dll
0x00007ffa4a2e0000 - 0x00007ffa4a554000 	C:\Windows\WinSxS\amd64_microsoft.windows.common-controls_6595b64144ccf1df_6.0.10240.17184_none_f41d7a705752bce6\COMCTL32.dll
0x00007ffa56ec0000 - 0x00007ffa56ef6000 	C:\Windows\system32\IMM32.DLL
0x00007ffa574d0000 - 0x00007ffa5762c000 	C:\Windows\system32\MSCTF.dll
0x000000006c420000 - 0x000000006c4f2000 	C:\Program Files\Java\jdk1.8.0_144\jre\bin\msvcr100.dll
0x000000006a4f0000 - 0x000000006ad8d000 	C:\Program Files\Java\jdk1.8.0_144\jre\bin\server\jvm.dll
0x00007ffa57690000 - 0x00007ffa57698000 	C:\Windows\system32\PSAPI.DLL
0x00007ffa51d30000 - 0x00007ffa51d39000 	C:\Windows\SYSTEM32\WSOCK32.dll
0x00007ffa578b0000 - 0x00007ffa57919000 	C:\Windows\system32\WS2_32.dll
0x00007ffa57920000 - 0x00007ffa57928000 	C:\Windows\system32\NSI.dll
0x00007ffa53810000 - 0x00007ffa53833000 	C:\Windows\SYSTEM32\WINMM.dll
0x00007ffa4c640000 - 0x00007ffa4c64a000 	C:\Windows\SYSTEM32\VERSION.dll
0x00007ffa537e0000 - 0x00007ffa5380c000 	C:\Windows\SYSTEM32\WINMMBASE.dll
0x00007ffa56330000 - 0x00007ffa56374000 	C:\Windows\system32\cfgmgr32.dll
0x00007ffa54b10000 - 0x00007ffa54b37000 	C:\Windows\SYSTEM32\DEVOBJ.dll
0x000000006c410000 - 0x000000006c41f000 	C:\Program Files\Java\jdk1.8.0_144\jre\bin\verify.dll
0x000000006c3e0000 - 0x000000006c409000 	C:\Program Files\Java\jdk1.8.0_144\jre\bin\java.dll
0x000000006c3b0000 - 0x000000006c3d3000 	C:\Program Files\Java\jdk1.8.0_144\jre\bin\instrument.dll
0x000000006c390000 - 0x000000006c3a6000 	C:\Program Files\Java\jdk1.8.0_144\jre\bin\zip.dll
0x00007ffa58200000 - 0x00007ffa59723000 	C:\Windows\system32\SHELL32.dll
0x00007ffa56550000 - 0x00007ffa56b79000 	C:\Windows\system32\windows.storage.dll
0x00007ffa571e0000 - 0x00007ffa5745c000 	C:\Windows\system32\combase.dll
0x00007ffa57470000 - 0x00007ffa574c1000 	C:\Windows\system32\shlwapi.dll
0x00007ffa561e0000 - 0x00007ffa561ef000 	C:\Windows\system32\kernel.appcore.dll
0x00007ffa56210000 - 0x00007ffa562c3000 	C:\Windows\system32\shcore.dll
0x00007ffa56170000 - 0x00007ffa561ba000 	C:\Windows\system32\powrprof.dll
0x00007ffa561f0000 - 0x00007ffa56203000 	C:\Windows\system32\profapi.dll
0x00007ffa51e10000 - 0x00007ffa51e2a000 	F:\IntelliJ IDEA 2017.3.2\bin\breakgen64.dll
0x000000006c370000 - 0x000000006c38a000 	C:\Program Files\Java\jdk1.8.0_144\jre\bin\net.dll
0x00007ffa559e0000 - 0x00007ffa55a3d000 	C:\Windows\system32\mswsock.dll
0x000000006c360000 - 0x000000006c36d000 	C:\Program Files\Java\jdk1.8.0_144\jre\bin\management.dll
0x00007ffa4c540000 - 0x00007ffa4c555000 	C:\Windows\system32\napinsp.dll
0x00007ffa4c560000 - 0x00007ffa4c57a000 	C:\Windows\system32\pnrpnsp.dll
0x00007ffa545c0000 - 0x00007ffa545d8000 	C:\Windows\system32\NLAapi.dll
0x00007ffa55780000 - 0x00007ffa55828000 	C:\Windows\SYSTEM32\DNSAPI.dll
0x00007ffa4cb80000 - 0x00007ffa4cb8d000 	C:\Windows\System32\winrnr.dll
0x00007ffa53910000 - 0x00007ffa5391a000 	C:\Windows\System32\rasadhlp.dll
0x00007ffa54750000 - 0x00007ffa54788000 	C:\Windows\SYSTEM32\IPHLPAPI.DLL
0x00007ffa545e0000 - 0x00007ffa545eb000 	C:\Windows\SYSTEM32\WINNSI.DLL
0x00007ffa53f50000 - 0x00007ffa53fb8000 	C:\Windows\System32\fwpuclnt.dll
0x00007ffa56000000 - 0x00007ffa56028000 	C:\Windows\SYSTEM32\bcrypt.dll
0x000000006a3f0000 - 0x000000006a401000 	C:\Program Files\Java\jdk1.8.0_144\jre\bin\nio.dll
0x00007ffa55a40000 - 0x00007ffa55a57000 	C:\Windows\SYSTEM32\CRYPTSP.dll
0x00007ffa55690000 - 0x00007ffa556c3000 	C:\Windows\system32\rsaenh.dll
0x00007ffa55870000 - 0x00007ffa5588f000 	C:\Windows\SYSTEM32\USERENV.dll
0x00007ffa55f90000 - 0x00007ffa55ffb000 	C:\Windows\system32\bcryptprimitives.dll
0x00007ffa55bb0000 - 0x00007ffa55bbb000 	C:\Windows\SYSTEM32\CRYPTBASE.dll
0x00007ffa53e40000 - 0x00007ffa53e56000 	C:\Windows\SYSTEM32\dhcpcsvc6.DLL
0x00007ffa53cf0000 - 0x00007ffa53d0a000 	C:\Windows\SYSTEM32\dhcpcsvc.DLL

VM Arguments:
jvm_args: -ea -Didea.test.cyclic.buffer.size=1048576 -javaagent:F:\IntelliJ IDEA 2017.3.2\lib\idea_rt.jar=53569:F:\IntelliJ IDEA 2017.3.2\bin -Dfile.encoding=UTF-8 
java_command: com.intellij.rt.execution.junit.JUnitStarter -ideVersion5 -junit4 com.ytsssss.collaborationblog.cotroller.FileControllerTest,upload
java_class_path (initial): F:\IntelliJ IDEA 2017.3.2\lib\idea_rt.jar;F:\IntelliJ IDEA 2017.3.2\plugins\junit\lib\junit-rt.jar;F:\IntelliJ IDEA 2017.3.2\plugins\junit\lib\junit5-rt.jar;C:\Program Files\Java\jdk1.8.0_144\jre\lib\charsets.jar;C:\Program Files\Java\jdk1.8.0_144\jre\lib\deploy.jar;C:\Program Files\Java\jdk1.8.0_144\jre\lib\ext\access-bridge-64.jar;C:\Program Files\Java\jdk1.8.0_144\jre\lib\ext\cldrdata.jar;C:\Program Files\Java\jdk1.8.0_144\jre\lib\ext\dnsns.jar;C:\Program Files\Java\jdk1.8.0_144\jre\lib\ext\jaccess.jar;C:\Program Files\Java\jdk1.8.0_144\jre\lib\ext\jfxrt.jar;C:\Program Files\Java\jdk1.8.0_144\jre\lib\ext\localedata.jar;C:\Program Files\Java\jdk1.8.0_144\jre\lib\ext\nashorn.jar;C:\Program Files\Java\jdk1.8.0_144\jre\lib\ext\sunec.jar;C:\Program Files\Java\jdk1.8.0_144\jre\lib\ext\sunjce_provider.jar;C:\Program Files\Java\jdk1.8.0_144\jre\lib\ext\sunmscapi.jar;C:\Program Files\Java\jdk1.8.0_144\jre\lib\ext\sunpkcs11.jar;C:\Program Files\Java\jdk1.8.0_144\jre\lib\ext\zipfs.jar;C:\Program Files\Java\jdk1.8.0_144\jre\lib\javaws.jar;C:\Program Files\Java\jdk1.8.0_144\jre\lib\jce.jar;C:\Program Files\Java\jdk1.8.0_144\jre\lib\jfr.jar;C:\Program Files\Java\jdk1.8.0_144\jre\lib\jfxswt.jar;C:\Program Files\Java\jdk1.8.0_144\jre\lib\jsse.jar;C:\Program Files\Java\jdk1.8.0_144\jre\lib\management-agent.jar;C:\Program Files\Java\jdk1.8.0_144\jre\lib\plugin.jar;C:\Program Files\Java\jdk1.8.0_144\jre\lib\resources.jar;C:\Program Files\Java\jdk1.8.0_144\jre\lib\rt.jar;F:\git\CollaborationBlog\target\test-classes;F:\git\CollaborationBlog\target\classes;C:\Users\Administrator\.m2\repository\org\mybatis\spring\boot\mybatis-spring-boot-starter\1.3.1\mybatis-spring-boot-starter-1.3.1.jar;C:\Users\Administrator\.m2\repository\org\springframework\boot\spring-boot-starter\1.5.9.RELEASE\spring-boot-starter-1.5.9.RELEASE.jar;C:\Users\Administrator\.m2\repository\org\springframework\boot\spring-boot\1.5.9.RELEASE\spring-boot-1.5.9.RELEASE.jar;C:\Users\Administra
Launcher Type: SUN_STANDARD

Environment Variables:
JAVA_HOME=C:\Program Files\Java\jdk1.8.0_144
CLASSPATH=.;C:\Program Files\Java\jdk1.8.0_144\lib\dt.jar;C:\Program Files\Java\jdk1.8.0_144\lib\tools.jar;
PATH=C:\ProgramData\Oracle\Java\javapath;C:\Program Files\Git\cmd ;C:\Program Files\Java\jdk1.8.0_144\bin;C:\Program Files\Java\jdk1.8.0_144\jre\bin;F:\apache-maven-3.3.9-bin\apache-maven-3.3.9\bin;F:\spring-1.5.9.RELEASE\bin;;C:\Program Files (x86)\Bitvise SSH Client;C:\Program Files\nodejs\;;F:\Microsoft VS Code\bin;C:\Users\Administrator\AppData\Roaming\npm
USERNAME=Administrator
OS=Windows_NT
PROCESSOR_IDENTIFIER=Intel64 Family 6 Model 42 Stepping 7, GenuineIntel



---------------  S Y S T E M  ---------------

OS: Windows 10.0 , 64 bit Build 10240 (10.0.10240.17113)

CPU:total 4 (initial active 4) (2 cores per cpu, 2 threads per core) family 6 model 42 stepping 7, cmov, cx8, fxsr, mmx, sse, sse2, sse3, ssse3, sse4.1, sse4.2, popcnt, avx, clmul, ht, tsc, tscinvbit

Memory: 4k page, physical 8233360k(1026872k free), swap 18719244k(3756k free)

vm_info: Java HotSpot(TM) 64-Bit Server VM (25.144-b01) for windows-amd64 JRE (1.8.0_144-b01), built on Jul 21 2017 21:57:33 by "java_re" with MS VC++ 10.0 (VS2010)

time: Wed Jan 31 11:30:34 2018
elapsed time: 16 seconds (0d 0h 0m 16s)

